Vivado Simulator v2025.2
Copyright 1986-2022 Xilinx, Inc. All Rights Reserved.
Copyright 2022-2025 Advanced Micro Devices, Inc. All Rights Reserved.
Running: /home/boysanic/.vivado/2025.2/Vivado/bin/unwrapped/lnx64.o/xelab --incr --debug typical --relax --mt 8 -L xil_defaultlib -L xbip_utils_v3_0_15 -L c_reg_fd_v12_0_11 -L xbip_dsp48_wrapper_v3_0_7 -L xbip_pipe_v3_0_11 -L c_addsub_v12_0_21 -L mult_gen_v12_0_24 -L uvm -L unisims_ver -L unimacro_ver -L secureip -L xpm --snapshot sim_filter_seeds_core_behav xil_defaultlib.sim_filter_seeds_core xil_defaultlib.glbl -log elaborate.log 
Using 8 slave threads.
Starting static elaboration
Pass Through NonSizing Optimizer
WARNING: [VRFC 10-9380] size mismatch in mixed-language port association of VHDL port 'ce' [/home/boysanic/commission_hw/commission_coproc/commission_coproc.srcs/sources_1/new/XrsrRandom_seed_fork.sv:69]
WARNING: [VRFC 10-9380] size mismatch in mixed-language port association of VHDL port 'ce' [/home/boysanic/commission_hw/commission_coproc/commission_coproc.srcs/sources_1/new/XrsrRandom_seed_fork.sv:76]
WARNING: [VRFC 10-9380] size mismatch in mixed-language port association of VHDL port 'ce' [/home/boysanic/commission_hw/commission_coproc/commission_coproc.srcs/sources_1/new/XrsrRandom_seed_fork.sv:84]
WARNING: [VRFC 10-9380] size mismatch in mixed-language port association of VHDL port 'ce' [/home/boysanic/commission_hw/commission_coproc/commission_coproc.srcs/sources_1/new/XrsrRandom_seed_fork.sv:92]
WARNING: [VRFC 10-9380] size mismatch in mixed-language port association of VHDL port 'ce' [/home/boysanic/commission_hw/commission_coproc/commission_coproc.srcs/sources_1/new/XrsrRandom_seed_fork.sv:99]
WARNING: [VRFC 10-9380] size mismatch in mixed-language port association of VHDL port 'ce' [/home/boysanic/commission_hw/commission_coproc/commission_coproc.srcs/sources_1/new/XrsrNextInternal.sv:35]
WARNING: [VRFC 10-9380] size mismatch in mixed-language port association of VHDL port 'ce' [/home/boysanic/commission_hw/commission_coproc/commission_coproc.srcs/sources_1/new/XrsrNextInternal.sv:43]
WARNING: [VRFC 10-9380] size mismatch in mixed-language port association of VHDL port 'ce' [/home/boysanic/commission_hw/commission_coproc/commission_coproc.srcs/sources_1/new/XrsrNextInternal.sv:35]
WARNING: [VRFC 10-9380] size mismatch in mixed-language port association of VHDL port 'ce' [/home/boysanic/commission_hw/commission_coproc/commission_coproc.srcs/sources_1/new/XrsrNextInternal.sv:43]
WARNING: [VRFC 10-9380] size mismatch in mixed-language port association of VHDL port 'ce' [/home/boysanic/commission_hw/commission_coproc/commission_coproc.srcs/sources_1/new/XrsrNextInternal.sv:35]
WARNING: [VRFC 10-9380] size mismatch in mixed-language port association of VHDL port 'ce' [/home/boysanic/commission_hw/commission_coproc/commission_coproc.srcs/sources_1/new/XrsrNextInternal.sv:43]
WARNING: [VRFC 10-9380] size mismatch in mixed-language port association of VHDL port 'ce' [/home/boysanic/commission_hw/commission_coproc/commission_coproc.srcs/sources_1/new/XrsrNextInternal.sv:35]
WARNING: [VRFC 10-9380] size mismatch in mixed-language port association of VHDL port 'ce' [/home/boysanic/commission_hw/commission_coproc/commission_coproc.srcs/sources_1/new/XrsrNextInternal.sv:43]
WARNING: [VRFC 10-9380] size mismatch in mixed-language port association of VHDL port 'ce' [/home/boysanic/commission_hw/commission_coproc/commission_coproc.srcs/sources_1/new/octave_yo_mod1.sv:36]
WARNING: [VRFC 10-9380] size mismatch in mixed-language port association of VHDL port 'ce' [/home/boysanic/commission_hw/commission_coproc/commission_coproc.srcs/sources_1/new/octave_yo_mod1.sv:43]
WARNING: [VRFC 10-9380] size mismatch in mixed-language port association of VHDL port 'ce' [/home/boysanic/commission_hw/commission_coproc/commission_coproc.srcs/sources_1/new/octave_yo_mod1.sv:36]
WARNING: [VRFC 10-9380] size mismatch in mixed-language port association of VHDL port 'ce' [/home/boysanic/commission_hw/commission_coproc/commission_coproc.srcs/sources_1/new/octave_yo_mod1.sv:43]
WARNING: [VRFC 10-9380] size mismatch in mixed-language port association of VHDL port 'ce' [/home/boysanic/commission_hw/commission_coproc/commission_coproc.srcs/sources_1/new/octave_yo_mod1.sv:36]
WARNING: [VRFC 10-9380] size mismatch in mixed-language port association of VHDL port 'ce' [/home/boysanic/commission_hw/commission_coproc/commission_coproc.srcs/sources_1/new/octave_yo_mod1.sv:43]
WARNING: [VRFC 10-9380] size mismatch in mixed-language port association of VHDL port 'ce' [/home/boysanic/commission_hw/commission_coproc/commission_coproc.srcs/sources_1/new/octave_yo_mod1.sv:36]
WARNING: [VRFC 10-9380] size mismatch in mixed-language port association of VHDL port 'ce' [/home/boysanic/commission_hw/commission_coproc/commission_coproc.srcs/sources_1/new/octave_yo_mod1.sv:43]
WARNING: [VRFC 10-9380] size mismatch in mixed-language port association of VHDL port 'ce' [/home/boysanic/commission_hw/commission_coproc/commission_coproc.srcs/sources_1/new/octave_yo_mod1.sv:36]
WARNING: [VRFC 10-9380] size mismatch in mixed-language port association of VHDL port 'ce' [/home/boysanic/commission_hw/commission_coproc/commission_coproc.srcs/sources_1/new/octave_yo_mod1.sv:43]
WARNING: [VRFC 10-9380] size mismatch in mixed-language port association of VHDL port 'ce' [/home/boysanic/commission_hw/commission_coproc/commission_coproc.srcs/sources_1/new/octave_yo_mod1.sv:36]
WARNING: [VRFC 10-9380] size mismatch in mixed-language port association of VHDL port 'ce' [/home/boysanic/commission_hw/commission_coproc/commission_coproc.srcs/sources_1/new/octave_yo_mod1.sv:43]
WARNING: [VRFC 10-9380] size mismatch in mixed-language port association of VHDL port 'ce' [/home/boysanic/commission_hw/commission_coproc/commission_coproc.srcs/sources_1/new/filter_seeds_core.sv:163]
WARNING: [VRFC 10-9380] size mismatch in mixed-language port association of VHDL port 'ce' [/home/boysanic/commission_hw/commission_coproc/commission_coproc.srcs/sources_1/new/filter_seeds_core.sv:170]
WARNING: [VRFC 10-9380] size mismatch in mixed-language port association of VHDL port 'ce' [/home/boysanic/commission_hw/commission_coproc/commission_coproc.srcs/sources_1/new/filter_seeds_core.sv:177]
WARNING: [VRFC 10-9380] size mismatch in mixed-language port association of VHDL port 'ce' [/home/boysanic/commission_hw/commission_coproc/commission_coproc.srcs/sources_1/new/filter_seeds_core.sv:184]
WARNING: [VRFC 10-9380] size mismatch in mixed-language port association of VHDL port 'ce' [/home/boysanic/commission_hw/commission_coproc/commission_coproc.srcs/sources_1/new/filter_seeds_core.sv:191]
WARNING: [VRFC 10-9380] size mismatch in mixed-language port association of VHDL port 'ce' [/home/boysanic/commission_hw/commission_coproc/commission_coproc.srcs/sources_1/new/filter_seeds_core.sv:198]
WARNING: [VRFC 10-9380] size mismatch in mixed-language port association of VHDL port 'ce' [/home/boysanic/commission_hw/commission_coproc/commission_coproc.srcs/sources_1/new/filter_seeds_core.sv:207]
WARNING: [VRFC 10-9380] size mismatch in mixed-language port association of VHDL port 'ce' [/home/boysanic/commission_hw/commission_coproc/commission_coproc.srcs/sources_1/new/filter_seeds_core.sv:214]
WARNING: [VRFC 10-9380] size mismatch in mixed-language port association of VHDL port 'ce' [/home/boysanic/commission_hw/commission_coproc/commission_coproc.srcs/sources_1/new/filter_seeds_core.sv:221]
WARNING: [VRFC 10-9380] size mismatch in mixed-language port association of VHDL port 'ce' [/home/boysanic/commission_hw/commission_coproc/commission_coproc.srcs/sources_1/new/filter_seeds_core.sv:228]
WARNING: [VRFC 10-9380] size mismatch in mixed-language port association of VHDL port 'ce' [/home/boysanic/commission_hw/commission_coproc/commission_coproc.srcs/sources_1/new/filter_seeds_core.sv:235]
WARNING: [VRFC 10-9380] size mismatch in mixed-language port association of VHDL port 'ce' [/home/boysanic/commission_hw/commission_coproc/commission_coproc.srcs/sources_1/new/filter_seeds_core.sv:242]
WARNING: [VRFC 10-9380] size mismatch in mixed-language port association of VHDL port 'ce' [/home/boysanic/commission_hw/commission_coproc/commission_coproc.srcs/sources_1/new/filter_seeds_core.sv:249]
WARNING: [VRFC 10-9380] size mismatch in mixed-language port association of VHDL port 'ce' [/home/boysanic/commission_hw/commission_coproc/commission_coproc.srcs/sources_1/new/filter_seeds_core.sv:256]
WARNING: [VRFC 10-9380] size mismatch in mixed-language port association of VHDL port 'ce' [/home/boysanic/commission_hw/commission_coproc/commission_coproc.srcs/sources_1/new/filter_seeds_core.sv:263]
WARNING: [VRFC 10-9380] size mismatch in mixed-language port association of VHDL port 'ce' [/home/boysanic/commission_hw/commission_coproc/commission_coproc.srcs/sources_1/new/filter_seeds_core.sv:270]
WARNING: [VRFC 10-9380] size mismatch in mixed-language port association of VHDL port 'ce' [/home/boysanic/commission_hw/commission_coproc/commission_coproc.srcs/sources_1/new/filter_seeds_core.sv:277]
WARNING: [VRFC 10-9380] size mismatch in mixed-language port association of VHDL port 'ce' [/home/boysanic/commission_hw/commission_coproc/commission_coproc.srcs/sources_1/new/filter_seeds_core.sv:284]
WARNING: [VRFC 10-9380] size mismatch in mixed-language port association of VHDL port 'ce' [/home/boysanic/commission_hw/commission_coproc/commission_coproc.srcs/sources_1/new/filter_seeds_core.sv:291]
WARNING: [VRFC 10-9380] size mismatch in mixed-language port association of VHDL port 'ce' [/home/boysanic/commission_hw/commission_coproc/commission_coproc.srcs/sources_1/new/filter_seeds_core.sv:298]
WARNING: [VRFC 10-9380] size mismatch in mixed-language port association of VHDL port 'ce' [/home/boysanic/commission_hw/commission_coproc/commission_coproc.srcs/sources_1/new/filter_seeds_core.sv:305]
WARNING: [VRFC 10-3823] variable 'seed_fork' might have multiple concurrent drivers [/home/boysanic/commission_hw/commission_coproc/commission_coproc.srcs/sources_1/new/filter_seeds_core.sv:73]
WARNING: [VRFC 10-3823] variable 'lh' might have multiple concurrent drivers [/home/boysanic/commission_hw/commission_coproc/commission_coproc.srcs/sources_1/new/XrsrRandom_seed_fork.sv:255]
WARNING: [VRFC 10-3823] variable 'lh' might have multiple concurrent drivers [/home/boysanic/commission_hw/commission_coproc/commission_coproc.srcs/sources_1/new/octave_yo_mod1.sv:59]
Completed static elaboration
INFO: [XSIM 43-4323] No Change in HDL. Linking previously generated obj files to create kernel
