Copyright 1986-2022 Xilinx, Inc. All Rights Reserved. Copyright 2022-2025 Advanced Micro Devices, Inc. All Rights Reserved.
-------------------------------------------------------------------------------------------------------------------------------------------------------------------------
| Tool Version     : Vivado v.2025.2 (lin64) Build 6299465 Fri Nov 14 12:34:56 MST 2025
| Date             : Sat Jun 27 12:22:34 2026
| Host             : death running 64-bit CachyOS
| Command          : report_power -file filter_seeds_core_power_routed.rpt -pb filter_seeds_core_power_summary_routed.pb -rpx filter_seeds_core_power_routed.rpx
| Design           : filter_seeds_core
| Device           : xc7k480tffg1156-2
| Design State     : routed
| Grade            : commercial
| Process          : typical
| Characterization : Production
-------------------------------------------------------------------------------------------------------------------------------------------------------------------------

Power Report

Table of Contents
-----------------
1. Summary
1.1 On-Chip Components
1.2 Power Supply Summary
1.3 Confidence Level
2. Settings
2.1 Environment
2.2 Clock Constraints
3. Detailed Reports
3.1 By Hierarchy

1. Summary
----------

+--------------------------+--------------+
| Total On-Chip Power (W)  | 0.970        |
| Design Power Budget (W)  | Unspecified* |
| Power Budget Margin (W)  | NA           |
| Dynamic (W)              | 0.748        |
| Device Static (W)        | 0.222        |
| Effective TJA (C/W)      | 1.4          |
| Max Ambient (C)          | 83.6         |
| Junction Temperature (C) | 26.4         |
| Confidence Level         | Low          |
| Setting File             | ---          |
| Simulation Activity File | ---          |
| Design Nets Matched      | NA           |
+--------------------------+--------------+
* Specify Design Power Budget using, set_operating_conditions -design_power_budget <value in Watts>


1.1 On-Chip Components
----------------------

+-------------------------+-----------+----------+-----------+-----------------+
| On-Chip                 | Power (W) | Used     | Available | Utilization (%) |
+-------------------------+-----------+----------+-----------+-----------------+
| Clocks                  |     0.142 |        3 |       --- |             --- |
| Slice Logic             |     0.174 |    15774 |       --- |             --- |
|   LUT as Shift Register |     0.066 |     1394 |    108600 |            1.28 |
|   LUT as Logic          |     0.056 |     1565 |    298600 |            0.52 |
|   Register              |     0.042 |     9900 |    597200 |            1.66 |
|   CARRY4                |     0.011 |      429 |     74650 |            0.57 |
|   Others                |     0.000 |     1389 |       --- |             --- |
| Signals                 |     0.295 |    12440 |       --- |             --- |
| DSPs                    |     0.135 |       40 |      1920 |            2.08 |
| I/O                     |     0.001 |      130 |       400 |           32.50 |
| Static Power            |     0.222 |          |           |                 |
| Total                   |     0.970 |          |           |                 |
+-------------------------+-----------+----------+-----------+-----------------+


1.2 Power Supply Summary
------------------------

+-----------+-------------+-----------+-------------+------------+-------------+-------------+------------+
| Source    | Voltage (V) | Total (A) | Dynamic (A) | Static (A) | Powerup (A) | Budget (A)  | Margin (A) |
+-----------+-------------+-----------+-------------+------------+-------------+-------------+------------+
| Vccint    |       1.000 |     0.862 |       0.748 |      0.115 |       NA    | Unspecified | NA         |
| Vccaux    |       1.800 |     0.038 |       0.000 |      0.038 |       NA    | Unspecified | NA         |
| Vcco33    |       3.300 |     0.000 |       0.000 |      0.000 |       NA    | Unspecified | NA         |
| Vcco25    |       2.500 |     0.000 |       0.000 |      0.000 |       NA    | Unspecified | NA         |
| Vcco18    |       1.800 |     0.000 |       0.000 |      0.000 |       NA    | Unspecified | NA         |
| Vcco15    |       1.500 |     0.000 |       0.000 |      0.000 |       NA    | Unspecified | NA         |
| Vcco135   |       1.350 |     0.000 |       0.000 |      0.000 |       NA    | Unspecified | NA         |
| Vcco12    |       1.200 |     0.000 |       0.000 |      0.000 |       NA    | Unspecified | NA         |
| Vccaux_io |       1.800 |     0.000 |       0.000 |      0.000 |       NA    | Unspecified | NA         |
| Vccbram   |       1.000 |     0.003 |       0.000 |      0.003 |       NA    | Unspecified | NA         |
| MGTAVcc   |       1.000 |     0.000 |       0.000 |      0.000 |       NA    | Unspecified | NA         |
| MGTAVtt   |       1.200 |     0.000 |       0.000 |      0.000 |       NA    | Unspecified | NA         |
| MGTVccaux |       1.800 |     0.000 |       0.000 |      0.000 |       NA    | Unspecified | NA         |
| Vccadc    |       1.800 |     0.020 |       0.000 |      0.020 |       NA    | Unspecified | NA         |
+-----------+-------------+-----------+-------------+------------+-------------+-------------+------------+


1.3 Confidence Level
--------------------

+-----------------------------+------------+--------------------------------------------------------+------------------------------------------------------------------------------------------------------------+
| User Input Data             | Confidence | Details                                                | Action                                                                                                     |
+-----------------------------+------------+--------------------------------------------------------+------------------------------------------------------------------------------------------------------------+
| Design implementation state | High       | Design is routed                                       |                                                                                                            |
| Clock nodes activity        | High       | User specified more than 95% of clocks                 |                                                                                                            |
| I/O nodes activity          | Low        | More than 75% of inputs are missing user specification | Provide missing input activity with simulation results or by editing the "By Resource Type -> I/Os" view   |
| Internal nodes activity     | Medium     | User specified less than 25% of internal nodes         | Provide missing internal nodes activity with simulation results or by editing the "By Resource Type" views |
| Device models               | High       | Device models are Production                           |                                                                                                            |
|                             |            |                                                        |                                                                                                            |
| Overall confidence level    | Low        |                                                        |                                                                                                            |
+-----------------------------+------------+--------------------------------------------------------+------------------------------------------------------------------------------------------------------------+


2. Settings
-----------

2.1 Environment
---------------

+-----------------------+--------------------------+
| Ambient Temp (C)      | 25.0                     |
| ThetaJA (C/W)         | 1.4                      |
| Airflow (LFM)         | 250                      |
| Heat Sink             | medium (Medium Profile)  |
| ThetaSA (C/W)         | 2.4                      |
| Board Selection       | medium (10"x10")         |
| # of Board Layers     | 12to15 (12 to 15 Layers) |
| Board Temperature (C) | 25.0                     |
+-----------------------+--------------------------+


2.2 Clock Constraints
---------------------

+-------------+--------+-----------------+
| Clock       | Domain | Constraint (ns) |
+-------------+--------+-----------------+
| sys_clk_pin | clock  |             2.5 |
+-------------+--------+-----------------+


3. Detailed Reports
-------------------

3.1 By Hierarchy
----------------

+--------------------------------+-----------+
| Name                           | Power (W) |
+--------------------------------+-----------+
| filter_seeds_core              |     0.748 |
|   noiserandom_a_nextInternalHi |     0.089 |
|     add_lh                     |     0.016 |
|       U0                       |     0.016 |
|     add_lr                     |     0.016 |
|       U0                       |     0.016 |
|   noiserandom_a_nextInternalLo |     0.087 |
|     add_lh                     |     0.016 |
|       U0                       |     0.016 |
|     add_lr                     |     0.016 |
|       U0                       |     0.016 |
|   noiserandom_b_nextInternalHi |     0.082 |
|     add_lh                     |     0.016 |
|       U0                       |     0.016 |
|     add_lr                     |     0.016 |
|       U0                       |     0.016 |
|   noiserandom_b_nextInternalLo |     0.090 |
|     add_lh                     |     0.016 |
|       U0                       |     0.016 |
|     add_lr                     |     0.015 |
|       U0                       |     0.015 |
|   seed_forker                  |     0.389 |
|     add_l2_to_h2               |     0.017 |
|       U0                       |     0.017 |
|     add_l2_to_r2               |     0.017 |
|       U0                       |     0.017 |
|     add_l_plus_h               |     0.016 |
|       U0                       |     0.016 |
|     add_l_to_r1                |     0.016 |
|       U0                       |     0.016 |
|     mix64_1_h                  |     0.049 |
|       U0                       |     0.049 |
|     mix64_1_l                  |     0.045 |
|       U0                       |     0.045 |
|     mix64_2_h                  |     0.055 |
|       U0                       |     0.055 |
|     mix64_2_l                  |     0.051 |
|       U0                       |     0.051 |
|     mix64_gr_1                 |     0.008 |
|       U0                       |     0.008 |
+--------------------------------+-----------+


