
*** Running vivado
    with args -log add_u32.vds -m64 -product Vivado -mode batch -messageDb vivado.pb -notrace -source add_u32.tcl


****** Vivado v2025.2 (64-bit)
  **** SW Build 6299465 on Fri Nov 14 12:34:56 MST 2025
  **** IP Build 6300035 on Fri Nov 14 10:48:45 MST 2025
  **** SharedData Build 6298862 on Thu Nov 13 04:50:51 MST 2025
  **** Start of session at: Sat Jun 27 00:35:44 2026
    ** Copyright 1986-2022 Xilinx, Inc. All Rights Reserved.
    ** Copyright 2022-2025 Advanced Micro Devices, Inc. All Rights Reserved.

source add_u32.tcl -notrace
Command: synth_design -top add_u32 -part xc7k480tffg1156-2 -incremental_mode off -mode out_of_context
Starting synth_design
Attempting to get a license for feature 'Synthesis' and/or device 'xc7k480t'
INFO: [Common 17-349] Got license for feature 'Synthesis' and/or device 'xc7k480t'
INFO: [Device 21-403] Loading part xc7k480tffg1156-2
INFO: [Synth 8-7079] Multithreading enabled for synth_design using a maximum of 7 processes.
INFO: [Synth 8-7078] Launching helper process for spawning children vivado processes
INFO: [Synth 8-7075] Helper process launched with PID 2631635
---------------------------------------------------------------------------------
Starting RTL Elaboration : Time (s): cpu = 00:00:03 ; elapsed = 00:00:03 . Memory (MB): peak = 2275.371 ; gain = 481.188 ; free physical = 5675 ; free virtual = 7709
---------------------------------------------------------------------------------
INFO: [Synth 8-638] synthesizing module 'add_u32' [/home/boysanic/commission_hw/commission_coproc/commission_coproc.gen/sources_1/ip/add_u32/synth/add_u32.vhd:69]
	Parameter C_VERBOSITY bound to: 0 - type: integer 
	Parameter C_XDEVICEFAMILY bound to: kintex7 - type: string 
	Parameter C_IMPLEMENTATION bound to: 1 - type: integer 
	Parameter C_A_WIDTH bound to: 32 - type: integer 
	Parameter C_B_WIDTH bound to: 32 - type: integer 
	Parameter C_OUT_WIDTH bound to: 32 - type: integer 
	Parameter C_CE_OVERRIDES_SCLR bound to: 0 - type: integer 
	Parameter C_A_TYPE bound to: 1 - type: integer 
	Parameter C_B_TYPE bound to: 1 - type: integer 
	Parameter C_LATENCY bound to: 2 - type: integer 
	Parameter C_ADD_MODE bound to: 0 - type: integer 
	Parameter C_B_CONSTANT bound to: 0 - type: integer 
	Parameter C_B_VALUE bound to: 00000000000000000000000000000000 - type: string 
	Parameter C_AINIT_VAL bound to: 0 - type: string 
	Parameter C_SINIT_VAL bound to: 0 - type: string 
	Parameter C_CE_OVERRIDES_BYPASS bound to: 1 - type: integer 
	Parameter C_BYPASS_LOW bound to: 0 - type: integer 
	Parameter C_SCLR_OVERRIDES_SSET bound to: 1 - type: integer 
	Parameter C_HAS_C_IN bound to: 0 - type: integer 
	Parameter C_HAS_C_OUT bound to: 0 - type: integer 
	Parameter C_BORROW_LOW bound to: 1 - type: integer 
	Parameter C_HAS_CE bound to: 1 - type: integer 
	Parameter C_HAS_BYPASS bound to: 0 - type: integer 
	Parameter C_HAS_SCLR bound to: 0 - type: integer 
	Parameter C_HAS_SSET bound to: 0 - type: integer 
	Parameter C_HAS_SINIT bound to: 0 - type: integer 
INFO: [Synth 8-3491] module 'c_addsub_v12_0_21' declared at '/home/boysanic/commission_hw/commission_coproc/commission_coproc.gen/sources_1/ip/add_u32/hdl/c_addsub_v12_0_vh_rfs.vhd:7261' bound to instance 'U0' of component 'c_addsub_v12_0_21' [/home/boysanic/commission_hw/commission_coproc/commission_coproc.gen/sources_1/ip/add_u32/synth/add_u32.vhd:142]
INFO: [Synth 8-256] done synthesizing module 'add_u32' (0#1) [/home/boysanic/commission_hw/commission_coproc/commission_coproc.gen/sources_1/ip/add_u32/synth/add_u32.vhd:69]
INFO: [Synth 8-7129] Port SCLR in module xbip_pipe_v3_0_11_viv is either unconnected or has no load
INFO: [Synth 8-7129] Port SINIT in module xbip_pipe_v3_0_11_viv is either unconnected or has no load
INFO: [Synth 8-7129] Port CEA1 in module xbip_dsp48e1_wrapper_v3_0 is either unconnected or has no load
INFO: [Synth 8-7129] Port CEA2 in module xbip_dsp48e1_wrapper_v3_0 is either unconnected or has no load
INFO: [Synth 8-7129] Port CEB1 in module xbip_dsp48e1_wrapper_v3_0 is either unconnected or has no load
INFO: [Synth 8-7129] Port CEB2 in module xbip_dsp48e1_wrapper_v3_0 is either unconnected or has no load
INFO: [Synth 8-7129] Port CEAD in module xbip_dsp48e1_wrapper_v3_0 is either unconnected or has no load
INFO: [Synth 8-7129] Port CED in module xbip_dsp48e1_wrapper_v3_0 is either unconnected or has no load
INFO: [Synth 8-7129] Port CEC in module xbip_dsp48e1_wrapper_v3_0 is either unconnected or has no load
INFO: [Synth 8-7129] Port CECARRYIN in module xbip_dsp48e1_wrapper_v3_0 is either unconnected or has no load
INFO: [Synth 8-7129] Port CECTRL in module xbip_dsp48e1_wrapper_v3_0 is either unconnected or has no load
INFO: [Synth 8-7129] Port CEALUMODE in module xbip_dsp48e1_wrapper_v3_0 is either unconnected or has no load
INFO: [Synth 8-7129] Port CEINMODE in module xbip_dsp48e1_wrapper_v3_0 is either unconnected or has no load
INFO: [Synth 8-7129] Port CEM in module xbip_dsp48e1_wrapper_v3_0 is either unconnected or has no load
INFO: [Synth 8-7129] Port CEP in module xbip_dsp48e1_wrapper_v3_0 is either unconnected or has no load
INFO: [Synth 8-7129] Port SCLRA in module xbip_dsp48e1_wrapper_v3_0 is either unconnected or has no load
INFO: [Synth 8-7129] Port SCLRB in module xbip_dsp48e1_wrapper_v3_0 is either unconnected or has no load
INFO: [Synth 8-7129] Port SCLRC in module xbip_dsp48e1_wrapper_v3_0 is either unconnected or has no load
INFO: [Synth 8-7129] Port SCLRD in module xbip_dsp48e1_wrapper_v3_0 is either unconnected or has no load
INFO: [Synth 8-7129] Port SCLRALLCARRYIN in module xbip_dsp48e1_wrapper_v3_0 is either unconnected or has no load
INFO: [Synth 8-7129] Port SCLRCTRL in module xbip_dsp48e1_wrapper_v3_0 is either unconnected or has no load
INFO: [Synth 8-7129] Port SCLRALUMODE in module xbip_dsp48e1_wrapper_v3_0 is either unconnected or has no load
INFO: [Synth 8-7129] Port SCLRINMODE in module xbip_dsp48e1_wrapper_v3_0 is either unconnected or has no load
INFO: [Synth 8-7129] Port SCLRM in module xbip_dsp48e1_wrapper_v3_0 is either unconnected or has no load
INFO: [Synth 8-7129] Port SCLRP in module xbip_dsp48e1_wrapper_v3_0 is either unconnected or has no load
INFO: [Synth 8-7129] Port C_IN in module c_addsub_v12_0_21_viv is either unconnected or has no load
INFO: [Synth 8-7129] Port BYPASS in module c_addsub_v12_0_21_viv is either unconnected or has no load
INFO: [Synth 8-7129] Port SCLR in module c_addsub_v12_0_21_viv is either unconnected or has no load
INFO: [Synth 8-7129] Port SSET in module c_addsub_v12_0_21_viv is either unconnected or has no load
INFO: [Synth 8-7129] Port SINIT in module c_addsub_v12_0_21_viv is either unconnected or has no load
---------------------------------------------------------------------------------
Finished RTL Elaboration : Time (s): cpu = 00:00:04 ; elapsed = 00:00:04 . Memory (MB): peak = 2386.309 ; gain = 592.125 ; free physical = 5464 ; free virtual = 7483
---------------------------------------------------------------------------------
---------------------------------------------------------------------------------
Start Handling Custom Attributes
---------------------------------------------------------------------------------
---------------------------------------------------------------------------------
Finished Handling Custom Attributes : Time (s): cpu = 00:00:04 ; elapsed = 00:00:04 . Memory (MB): peak = 2398.184 ; gain = 604.000 ; free physical = 5458 ; free virtual = 7477
---------------------------------------------------------------------------------
---------------------------------------------------------------------------------
Finished RTL Optimization Phase 1 : Time (s): cpu = 00:00:04 ; elapsed = 00:00:04 . Memory (MB): peak = 2398.184 ; gain = 604.000 ; free physical = 5458 ; free virtual = 7477
---------------------------------------------------------------------------------
Netlist sorting complete. Time (s): cpu = 00:00:00 ; elapsed = 00:00:00 . Memory (MB): peak = 2404.121 ; gain = 0.000 ; free physical = 5437 ; free virtual = 7464
INFO: [Netlist 29-17] Analyzing 1 Unisim elements for replacement
INFO: [Netlist 29-28] Unisim Transformation completed in 0 CPU seconds
INFO: [Project 1-570] Preparing netlist for logic optimization

Processing XDC Constraints
Initializing timing engine
Parsing XDC File [/home/boysanic/commission_hw/commission_coproc/commission_coproc.gen/sources_1/ip/add_u32/add_u32_ooc.xdc] for cell 'U0'
Finished Parsing XDC File [/home/boysanic/commission_hw/commission_coproc/commission_coproc.gen/sources_1/ip/add_u32/add_u32_ooc.xdc] for cell 'U0'
Parsing XDC File [/home/boysanic/commission_hw/commission_coproc/commission_coproc.runs/add_u32_synth_1/dont_touch.xdc]
Finished Parsing XDC File [/home/boysanic/commission_hw/commission_coproc/commission_coproc.runs/add_u32_synth_1/dont_touch.xdc]
Completed Processing XDC Constraints

Netlist sorting complete. Time (s): cpu = 00:00:00 ; elapsed = 00:00:00 . Memory (MB): peak = 2458.082 ; gain = 0.000 ; free physical = 5311 ; free virtual = 7283
INFO: [Project 1-111] Unisim Transformation Summary:
No Unisim elements were transformed.

Constraint Validation Runtime : Time (s): cpu = 00:00:00 ; elapsed = 00:00:00.01 . Memory (MB): peak = 2458.117 ; gain = 0.000 ; free physical = 5330 ; free virtual = 7281
INFO: [Designutils 20-5008] Incremental synthesis strategy off
---------------------------------------------------------------------------------
Finished Constraint Validation : Time (s): cpu = 00:00:08 ; elapsed = 00:00:09 . Memory (MB): peak = 2458.117 ; gain = 663.934 ; free physical = 5267 ; free virtual = 7187
---------------------------------------------------------------------------------
---------------------------------------------------------------------------------
Start Loading Part and Timing Information
---------------------------------------------------------------------------------
Loading part: xc7k480tffg1156-2
---------------------------------------------------------------------------------
Finished Loading Part and Timing Information : Time (s): cpu = 00:00:08 ; elapsed = 00:00:09 . Memory (MB): peak = 2466.086 ; gain = 671.902 ; free physical = 5266 ; free virtual = 7188
---------------------------------------------------------------------------------
---------------------------------------------------------------------------------
Start Applying 'set_property' XDC Constraints
---------------------------------------------------------------------------------
---------------------------------------------------------------------------------
Finished applying 'set_property' XDC Constraints : Time (s): cpu = 00:00:08 ; elapsed = 00:00:09 . Memory (MB): peak = 2466.086 ; gain = 671.902 ; free physical = 5265 ; free virtual = 7187
---------------------------------------------------------------------------------
---------------------------------------------------------------------------------
Finished RTL Optimization Phase 2 : Time (s): cpu = 00:00:08 ; elapsed = 00:00:09 . Memory (MB): peak = 2466.086 ; gain = 671.902 ; free physical = 5190 ; free virtual = 7089
---------------------------------------------------------------------------------
---------------------------------------------------------------------------------
Start RTL Component Statistics 
---------------------------------------------------------------------------------
---------------------------------------------------------------------------------
Finished RTL Component Statistics 
---------------------------------------------------------------------------------
---------------------------------------------------------------------------------
Start Part Resource Summary
---------------------------------------------------------------------------------
Part Resources:
DSPs: 1920 (col length:160)
BRAMs: 1910 (col length: RAMB18 160 RAMB36 80)
---------------------------------------------------------------------------------
Finished Part Resource Summary
---------------------------------------------------------------------------------
---------------------------------------------------------------------------------
Start Cross Boundary and Area Optimization
---------------------------------------------------------------------------------
INFO: [Synth 8-7129] Port C_IN in module c_addsub_v12_0_21_viv is either unconnected or has no load
INFO: [Synth 8-7129] Port BYPASS in module c_addsub_v12_0_21_viv is either unconnected or has no load
INFO: [Synth 8-7129] Port SCLR in module c_addsub_v12_0_21_viv is either unconnected or has no load
INFO: [Synth 8-7129] Port SSET in module c_addsub_v12_0_21_viv is either unconnected or has no load
INFO: [Synth 8-7129] Port SINIT in module c_addsub_v12_0_21_viv is either unconnected or has no load
---------------------------------------------------------------------------------
Finished Cross Boundary and Area Optimization : Time (s): cpu = 00:00:09 ; elapsed = 00:00:10 . Memory (MB): peak = 2466.086 ; gain = 671.902 ; free physical = 5029 ; free virtual = 6933
---------------------------------------------------------------------------------
---------------------------------------------------------------------------------
Start Applying XDC Timing Constraints
---------------------------------------------------------------------------------
---------------------------------------------------------------------------------
Finished Applying XDC Timing Constraints : Time (s): cpu = 00:00:13 ; elapsed = 00:00:14 . Memory (MB): peak = 2578.086 ; gain = 783.902 ; free physical = 5491 ; free virtual = 7540
---------------------------------------------------------------------------------
---------------------------------------------------------------------------------
Start Timing Optimization
---------------------------------------------------------------------------------
---------------------------------------------------------------------------------
Finished Timing Optimization : Time (s): cpu = 00:00:13 ; elapsed = 00:00:14 . Memory (MB): peak = 2578.086 ; gain = 783.902 ; free physical = 5486 ; free virtual = 7551
---------------------------------------------------------------------------------
---------------------------------------------------------------------------------
Start Technology Mapping
---------------------------------------------------------------------------------
---------------------------------------------------------------------------------
Finished Technology Mapping : Time (s): cpu = 00:00:13 ; elapsed = 00:00:14 . Memory (MB): peak = 2588.102 ; gain = 793.918 ; free physical = 5490 ; free virtual = 7529
---------------------------------------------------------------------------------
---------------------------------------------------------------------------------
Start IO Insertion
---------------------------------------------------------------------------------
---------------------------------------------------------------------------------
Start Flattening Before IO Insertion
---------------------------------------------------------------------------------
---------------------------------------------------------------------------------
Finished Flattening Before IO Insertion
---------------------------------------------------------------------------------
---------------------------------------------------------------------------------
Start Final Netlist Cleanup
---------------------------------------------------------------------------------
---------------------------------------------------------------------------------
Finished Final Netlist Cleanup
---------------------------------------------------------------------------------
---------------------------------------------------------------------------------
Finished IO Insertion : Time (s): cpu = 00:00:15 ; elapsed = 00:00:16 . Memory (MB): peak = 2774.914 ; gain = 980.730 ; free physical = 5188 ; free virtual = 7343
---------------------------------------------------------------------------------
---------------------------------------------------------------------------------
Start Renaming Generated Instances
---------------------------------------------------------------------------------
---------------------------------------------------------------------------------
Finished Renaming Generated Instances : Time (s): cpu = 00:00:15 ; elapsed = 00:00:16 . Memory (MB): peak = 2774.914 ; gain = 980.730 ; free physical = 5184 ; free virtual = 7340
---------------------------------------------------------------------------------
---------------------------------------------------------------------------------
Start Rebuilding User Hierarchy
---------------------------------------------------------------------------------
---------------------------------------------------------------------------------
Finished Rebuilding User Hierarchy : Time (s): cpu = 00:00:15 ; elapsed = 00:00:16 . Memory (MB): peak = 2774.914 ; gain = 980.730 ; free physical = 5185 ; free virtual = 7340
---------------------------------------------------------------------------------
---------------------------------------------------------------------------------
Start Renaming Generated Ports
---------------------------------------------------------------------------------
---------------------------------------------------------------------------------
Finished Renaming Generated Ports : Time (s): cpu = 00:00:15 ; elapsed = 00:00:16 . Memory (MB): peak = 2774.914 ; gain = 980.730 ; free physical = 5185 ; free virtual = 7340
---------------------------------------------------------------------------------
---------------------------------------------------------------------------------
Start Handling Custom Attributes
---------------------------------------------------------------------------------
---------------------------------------------------------------------------------
Finished Handling Custom Attributes : Time (s): cpu = 00:00:15 ; elapsed = 00:00:16 . Memory (MB): peak = 2774.914 ; gain = 980.730 ; free physical = 5185 ; free virtual = 7340
---------------------------------------------------------------------------------
---------------------------------------------------------------------------------
Start Renaming Generated Nets
---------------------------------------------------------------------------------
---------------------------------------------------------------------------------
Finished Renaming Generated Nets : Time (s): cpu = 00:00:15 ; elapsed = 00:00:16 . Memory (MB): peak = 2774.914 ; gain = 980.730 ; free physical = 5185 ; free virtual = 7340
---------------------------------------------------------------------------------
---------------------------------------------------------------------------------
Start Writing Synthesis Report
---------------------------------------------------------------------------------

DSP Final Report (the ' indicates corresponding REG is set)
+--------------------------+-------------+--------+--------+--------+--------+--------+------+------+------+------+-------+------+------+
|Module Name               | DSP Mapping | A Size | B Size | C Size | D Size | P Size | AREG | BREG | CREG | DREG | ADREG | MREG | PREG | 
+--------------------------+-------------+--------+--------+--------+--------+--------+------+------+------+------+-------+------+------+
|xbip_dsp48e1_wrapper_v3_0 | (C'+A':B')' | 14     | 18     | 32     | -      | 48     | 1    | 1    | 1    | -    | -     | 0    | 1    | 
+--------------------------+-------------+--------+--------+--------+--------+--------+------+------+------+------+-------+------+------+


Report BlackBoxes: 
+-+--------------+----------+
| |BlackBox name |Instances |
+-+--------------+----------+
+-+--------------+----------+

Report Cell Usage: 
+------+--------+------+
|      |Cell    |Count |
+------+--------+------+
|1     |DSP48E1 |     1|
|2     |LUT3    |     1|
|3     |FDRE    |     1|
+------+--------+------+
---------------------------------------------------------------------------------
Finished Writing Synthesis Report : Time (s): cpu = 00:00:15 ; elapsed = 00:00:16 . Memory (MB): peak = 2774.914 ; gain = 980.730 ; free physical = 5185 ; free virtual = 7340
---------------------------------------------------------------------------------
Synthesis finished with 0 errors, 0 critical warnings and 0 warnings.
Synthesis Optimization Runtime : Time (s): cpu = 00:00:14 ; elapsed = 00:00:14 . Memory (MB): peak = 2774.914 ; gain = 920.797 ; free physical = 5165 ; free virtual = 7336
Synthesis Optimization Complete : Time (s): cpu = 00:00:15 ; elapsed = 00:00:16 . Memory (MB): peak = 2774.922 ; gain = 980.730 ; free physical = 5161 ; free virtual = 7336
INFO: [Project 1-571] Translating synthesized netlist
Netlist sorting complete. Time (s): cpu = 00:00:00 ; elapsed = 00:00:00 . Memory (MB): peak = 2774.922 ; gain = 0.000 ; free physical = 5132 ; free virtual = 7338
INFO: [Netlist 29-17] Analyzing 1 Unisim elements for replacement
INFO: [Netlist 29-28] Unisim Transformation completed in 0 CPU seconds
INFO: [Project 1-570] Preparing netlist for logic optimization
INFO: [Opt 31-138] Pushed 0 inverter(s) to 0 load pin(s).
Netlist sorting complete. Time (s): cpu = 00:00:00 ; elapsed = 00:00:00 . Memory (MB): peak = 2774.922 ; gain = 0.000 ; free physical = 5035 ; free virtual = 7465
INFO: [Project 1-111] Unisim Transformation Summary:
No Unisim elements were transformed.

Synth Design complete | Checksum: 893dec2d
INFO: [Common 17-83] Releasing license: Synthesis
55 Infos, 0 Warnings, 0 Critical Warnings and 0 Errors encountered.
synth_design completed successfully
synth_design: Time (s): cpu = 00:00:20 ; elapsed = 00:00:20 . Memory (MB): peak = 2774.949 ; gain = 1199.383 ; free physical = 5035 ; free virtual = 7461
INFO: [Common 17-2834] synth_design peak Physical Memory [PSS] (MB): overall = 1630.702; main = 1630.702; forked = 192.289
INFO: [Common 17-2834] synth_design peak Virtual Memory [VSS] (MB): overall = 3456.777; main = 2774.918; forked = 990.688
INFO: [Common 17-1381] The checkpoint '/home/boysanic/commission_hw/commission_coproc/commission_coproc.runs/add_u32_synth_1/add_u32.dcp' has been generated.
INFO: [Coretcl 2-1648] Added synthesis output to IP cache for IP add_u32, cache-ID = dae9883ba2481a07
INFO: [Coretcl 2-1174] Renamed 5 cell refs.
INFO: [Common 17-1381] The checkpoint '/home/boysanic/commission_hw/commission_coproc/commission_coproc.runs/add_u32_synth_1/add_u32.dcp' has been generated.
INFO: [Vivado 12-24828] Executing command : report_utilization -file add_u32_utilization_synth.rpt -pb add_u32_utilization_synth.pb
INFO: [Common 17-206] Exiting Vivado at Sat Jun 27 00:36:09 2026...
