
*** Running vivado
    with args -log u32_to_f32.vds -m64 -product Vivado -mode batch -messageDb vivado.pb -notrace -source u32_to_f32.tcl


****** Vivado v2025.2 (64-bit)
  **** SW Build 6299465 on Fri Nov 14 12:34:56 MST 2025
  **** IP Build 6300035 on Fri Nov 14 10:48:45 MST 2025
  **** SharedData Build 6298862 on Thu Nov 13 04:50:51 MST 2025
  **** Start of session at: Tue Jun 23 16:44:48 2026
    ** Copyright 1986-2022 Xilinx, Inc. All Rights Reserved.
    ** Copyright 2022-2025 Advanced Micro Devices, Inc. All Rights Reserved.

source u32_to_f32.tcl -notrace
Command: synth_design -top u32_to_f32 -part xc7k480tffg1156-2 -incremental_mode off -mode out_of_context
Starting synth_design
Attempting to get a license for feature 'Synthesis' and/or device 'xc7k480t'
INFO: [Common 17-349] Got license for feature 'Synthesis' and/or device 'xc7k480t'
INFO: [Device 21-403] Loading part xc7k480tffg1156-2
INFO: [Synth 8-7079] Multithreading enabled for synth_design using a maximum of 7 processes.
INFO: [Synth 8-7078] Launching helper process for spawning children vivado processes
INFO: [Synth 8-7075] Helper process launched with PID 3712130
---------------------------------------------------------------------------------
Starting RTL Elaboration : Time (s): cpu = 00:00:03 ; elapsed = 00:00:03 . Memory (MB): peak = 2268.102 ; gain = 482.875 ; free physical = 3134 ; free virtual = 5992
---------------------------------------------------------------------------------
INFO: [Synth 8-638] synthesizing module 'u32_to_f32' [/home/boysanic/commission_hw/commission_coproc/commission_coproc.gen/sources_1/ip/u32_to_f32/synth/u32_to_f32.vhd:71]
	Parameter C_XDEVICEFAMILY bound to: kintex7 - type: string 
	Parameter C_PART bound to: xc7k480tffg1156-2 - type: string 
	Parameter C_HAS_ADD bound to: 0 - type: integer 
	Parameter C_HAS_SUBTRACT bound to: 0 - type: integer 
	Parameter C_HAS_MULTIPLY bound to: 0 - type: integer 
	Parameter C_HAS_DIVIDE bound to: 0 - type: integer 
	Parameter C_HAS_SQRT bound to: 0 - type: integer 
	Parameter C_HAS_COMPARE bound to: 0 - type: integer 
	Parameter C_HAS_FIX_TO_FLT bound to: 1 - type: integer 
	Parameter C_HAS_FLT_TO_FIX bound to: 0 - type: integer 
	Parameter C_HAS_FLT_TO_FLT bound to: 0 - type: integer 
	Parameter C_HAS_RECIP bound to: 0 - type: integer 
	Parameter C_HAS_RECIP_SQRT bound to: 0 - type: integer 
	Parameter C_HAS_ABSOLUTE bound to: 0 - type: integer 
	Parameter C_HAS_LOGARITHM bound to: 0 - type: integer 
	Parameter C_HAS_EXPONENTIAL bound to: 0 - type: integer 
	Parameter C_HAS_FMA bound to: 0 - type: integer 
	Parameter C_HAS_FMS bound to: 0 - type: integer 
	Parameter C_HAS_UNFUSED_MULTIPLY_ADD bound to: 0 - type: integer 
	Parameter C_HAS_UNFUSED_MULTIPLY_SUB bound to: 0 - type: integer 
	Parameter C_HAS_UNFUSED_MULTIPLY_ACCUMULATOR_A bound to: 0 - type: integer 
	Parameter C_HAS_UNFUSED_MULTIPLY_ACCUMULATOR_S bound to: 0 - type: integer 
	Parameter C_HAS_ACCUMULATOR_A bound to: 0 - type: integer 
	Parameter C_HAS_ACCUMULATOR_S bound to: 0 - type: integer 
	Parameter C_HAS_ACCUMULATOR_PRIMITIVE_A bound to: 0 - type: integer 
	Parameter C_HAS_ACCUMULATOR_PRIMITIVE_S bound to: 0 - type: integer 
	Parameter C_A_WIDTH bound to: 32 - type: integer 
	Parameter C_A_FRACTION_WIDTH bound to: 0 - type: integer 
	Parameter C_B_WIDTH bound to: 32 - type: integer 
	Parameter C_B_FRACTION_WIDTH bound to: 0 - type: integer 
	Parameter C_C_WIDTH bound to: 32 - type: integer 
	Parameter C_C_FRACTION_WIDTH bound to: 0 - type: integer 
	Parameter C_RESULT_WIDTH bound to: 32 - type: integer 
	Parameter C_RESULT_FRACTION_WIDTH bound to: 24 - type: integer 
	Parameter C_COMPARE_OPERATION bound to: 8 - type: integer 
	Parameter C_LATENCY bound to: 6 - type: integer 
	Parameter C_OPTIMIZATION bound to: 1 - type: integer 
	Parameter C_MULT_USAGE bound to: 0 - type: integer 
	Parameter C_BRAM_USAGE bound to: 0 - type: integer 
	Parameter C_RATE bound to: 1 - type: integer 
	Parameter C_ACCUM_INPUT_MSB bound to: 32 - type: integer 
	Parameter C_ACCUM_MSB bound to: 32 - type: integer 
	Parameter C_ACCUM_LSB bound to: -31 - type: integer 
	Parameter C_HAS_UNDERFLOW bound to: 0 - type: integer 
	Parameter C_HAS_OVERFLOW bound to: 0 - type: integer 
	Parameter C_HAS_INVALID_OP bound to: 0 - type: integer 
	Parameter C_HAS_DIVIDE_BY_ZERO bound to: 0 - type: integer 
	Parameter C_HAS_ACCUM_OVERFLOW bound to: 0 - type: integer 
	Parameter C_HAS_ACCUM_INPUT_OVERFLOW bound to: 0 - type: integer 
	Parameter C_HAS_ACLKEN bound to: 0 - type: integer 
	Parameter C_HAS_ARESETN bound to: 0 - type: integer 
	Parameter C_THROTTLE_SCHEME bound to: 1 - type: integer 
	Parameter C_HAS_A_TUSER bound to: 0 - type: integer 
	Parameter C_HAS_A_TLAST bound to: 0 - type: integer 
	Parameter C_HAS_B bound to: 0 - type: integer 
	Parameter C_HAS_B_TUSER bound to: 0 - type: integer 
	Parameter C_HAS_B_TLAST bound to: 0 - type: integer 
	Parameter C_HAS_C bound to: 0 - type: integer 
	Parameter C_HAS_C_TUSER bound to: 0 - type: integer 
	Parameter C_HAS_C_TLAST bound to: 0 - type: integer 
	Parameter C_HAS_OPERATION bound to: 0 - type: integer 
	Parameter C_HAS_OPERATION_TUSER bound to: 0 - type: integer 
	Parameter C_HAS_OPERATION_TLAST bound to: 0 - type: integer 
	Parameter C_HAS_RESULT_TUSER bound to: 0 - type: integer 
	Parameter C_HAS_RESULT_TLAST bound to: 0 - type: integer 
	Parameter C_TLAST_RESOLUTION bound to: 0 - type: integer 
	Parameter C_A_TDATA_WIDTH bound to: 32 - type: integer 
	Parameter C_A_TUSER_WIDTH bound to: 1 - type: integer 
	Parameter C_B_TDATA_WIDTH bound to: 32 - type: integer 
	Parameter C_B_TUSER_WIDTH bound to: 1 - type: integer 
	Parameter C_C_TDATA_WIDTH bound to: 32 - type: integer 
	Parameter C_C_TUSER_WIDTH bound to: 1 - type: integer 
	Parameter C_OPERATION_TDATA_WIDTH bound to: 8 - type: integer 
	Parameter C_OPERATION_TUSER_WIDTH bound to: 1 - type: integer 
	Parameter C_RESULT_TDATA_WIDTH bound to: 32 - type: integer 
	Parameter C_RESULT_TUSER_WIDTH bound to: 1 - type: integer 
	Parameter C_FIXED_DATA_UNSIGNED bound to: 1 - type: integer 
INFO: [Synth 8-3491] module 'floating_point_v7_1_21' declared at '/home/boysanic/commission_hw/commission_coproc/commission_coproc.gen/sources_1/ip/u32_to_f32/hdl/floating_point_v7_1_vh_rfs.vhd:93266' bound to instance 'U0' of component 'floating_point_v7_1_21' [/home/boysanic/commission_hw/commission_coproc/commission_coproc.gen/sources_1/ip/u32_to_f32/synth/u32_to_f32.vhd:211]
INFO: [Synth 8-256] done synthesizing module 'u32_to_f32' (0#1) [/home/boysanic/commission_hw/commission_coproc/commission_coproc.gen/sources_1/ip/u32_to_f32/synth/u32_to_f32.vhd:71]
INFO: [Synth 8-7129] Port CLK in module xbip_pipe_v3_0_11_viv__parameterized3 is either unconnected or has no load
INFO: [Synth 8-7129] Port CE in module xbip_pipe_v3_0_11_viv__parameterized3 is either unconnected or has no load
INFO: [Synth 8-7129] Port SCLR in module xbip_pipe_v3_0_11_viv__parameterized3 is either unconnected or has no load
INFO: [Synth 8-7129] Port SSET in module xbip_pipe_v3_0_11_viv__parameterized3 is either unconnected or has no load
INFO: [Synth 8-7129] Port SINIT in module xbip_pipe_v3_0_11_viv__parameterized3 is either unconnected or has no load
INFO: [Synth 8-7129] Port CLK in module xbip_pipe_v3_0_11_viv__parameterized41 is either unconnected or has no load
INFO: [Synth 8-7129] Port CE in module xbip_pipe_v3_0_11_viv__parameterized41 is either unconnected or has no load
INFO: [Synth 8-7129] Port SCLR in module xbip_pipe_v3_0_11_viv__parameterized41 is either unconnected or has no load
INFO: [Synth 8-7129] Port SSET in module xbip_pipe_v3_0_11_viv__parameterized41 is either unconnected or has no load
INFO: [Synth 8-7129] Port SINIT in module xbip_pipe_v3_0_11_viv__parameterized41 is either unconnected or has no load
INFO: [Synth 8-7129] Port SCLR in module xbip_pipe_v3_0_11_viv__parameterized7 is either unconnected or has no load
INFO: [Synth 8-7129] Port SSET in module xbip_pipe_v3_0_11_viv__parameterized7 is either unconnected or has no load
INFO: [Synth 8-7129] Port SINIT in module xbip_pipe_v3_0_11_viv__parameterized7 is either unconnected or has no load
INFO: [Synth 8-7129] Port DEC_OP_STATE[11] in module flt_dec_op is either unconnected or has no load
INFO: [Synth 8-7129] Port DEC_OP_STATE[10] in module flt_dec_op is either unconnected or has no load
INFO: [Synth 8-7129] Port DEC_OP_STATE[9] in module flt_dec_op is either unconnected or has no load
INFO: [Synth 8-7129] Port DEC_OP_STATE[8] in module flt_dec_op is either unconnected or has no load
INFO: [Synth 8-7129] Port DIVIDE_BY_ZERO_IN in module flt_dec_op is either unconnected or has no load
INFO: [Synth 8-7129] Port SCLR in module xbip_pipe_v3_0_11_viv__parameterized27 is either unconnected or has no load
INFO: [Synth 8-7129] Port SSET in module xbip_pipe_v3_0_11_viv__parameterized27 is either unconnected or has no load
INFO: [Synth 8-7129] Port SINIT in module xbip_pipe_v3_0_11_viv__parameterized27 is either unconnected or has no load
INFO: [Synth 8-7129] Port SCLR in module xbip_pipe_v3_0_11_viv__parameterized39 is either unconnected or has no load
INFO: [Synth 8-7129] Port SSET in module xbip_pipe_v3_0_11_viv__parameterized39 is either unconnected or has no load
INFO: [Synth 8-7129] Port SINIT in module xbip_pipe_v3_0_11_viv__parameterized39 is either unconnected or has no load
INFO: [Synth 8-7129] Port A[31] in module fix_to_flt_conv_exp is either unconnected or has no load
INFO: [Synth 8-7129] Port A[30] in module fix_to_flt_conv_exp is either unconnected or has no load
INFO: [Synth 8-7129] Port A[29] in module fix_to_flt_conv_exp is either unconnected or has no load
INFO: [Synth 8-7129] Port A[28] in module fix_to_flt_conv_exp is either unconnected or has no load
INFO: [Synth 8-7129] Port A[27] in module fix_to_flt_conv_exp is either unconnected or has no load
INFO: [Synth 8-7129] Port A[26] in module fix_to_flt_conv_exp is either unconnected or has no load
INFO: [Synth 8-7129] Port A[25] in module fix_to_flt_conv_exp is either unconnected or has no load
INFO: [Synth 8-7129] Port A[24] in module fix_to_flt_conv_exp is either unconnected or has no load
INFO: [Synth 8-7129] Port A[23] in module fix_to_flt_conv_exp is either unconnected or has no load
INFO: [Synth 8-7129] Port A[22] in module fix_to_flt_conv_exp is either unconnected or has no load
INFO: [Synth 8-7129] Port A[21] in module fix_to_flt_conv_exp is either unconnected or has no load
INFO: [Synth 8-7129] Port A[20] in module fix_to_flt_conv_exp is either unconnected or has no load
INFO: [Synth 8-7129] Port A[19] in module fix_to_flt_conv_exp is either unconnected or has no load
INFO: [Synth 8-7129] Port A[18] in module fix_to_flt_conv_exp is either unconnected or has no load
INFO: [Synth 8-7129] Port A[17] in module fix_to_flt_conv_exp is either unconnected or has no load
INFO: [Synth 8-7129] Port A[16] in module fix_to_flt_conv_exp is either unconnected or has no load
INFO: [Synth 8-7129] Port A[15] in module fix_to_flt_conv_exp is either unconnected or has no load
INFO: [Synth 8-7129] Port A[14] in module fix_to_flt_conv_exp is either unconnected or has no load
INFO: [Synth 8-7129] Port A[13] in module fix_to_flt_conv_exp is either unconnected or has no load
INFO: [Synth 8-7129] Port A[12] in module fix_to_flt_conv_exp is either unconnected or has no load
INFO: [Synth 8-7129] Port A[11] in module fix_to_flt_conv_exp is either unconnected or has no load
INFO: [Synth 8-7129] Port A[10] in module fix_to_flt_conv_exp is either unconnected or has no load
INFO: [Synth 8-7129] Port A[9] in module fix_to_flt_conv_exp is either unconnected or has no load
INFO: [Synth 8-7129] Port A[8] in module fix_to_flt_conv_exp is either unconnected or has no load
INFO: [Synth 8-7129] Port A[7] in module fix_to_flt_conv_exp is either unconnected or has no load
INFO: [Synth 8-7129] Port A[6] in module fix_to_flt_conv_exp is either unconnected or has no load
INFO: [Synth 8-7129] Port A[5] in module fix_to_flt_conv_exp is either unconnected or has no load
INFO: [Synth 8-7129] Port A[4] in module fix_to_flt_conv_exp is either unconnected or has no load
INFO: [Synth 8-7129] Port A[3] in module fix_to_flt_conv_exp is either unconnected or has no load
INFO: [Synth 8-7129] Port A[2] in module fix_to_flt_conv_exp is either unconnected or has no load
INFO: [Synth 8-7129] Port A[1] in module fix_to_flt_conv_exp is either unconnected or has no load
INFO: [Synth 8-7129] Port A[0] in module fix_to_flt_conv_exp is either unconnected or has no load
INFO: [Synth 8-7129] Port SCLR in module xbip_pipe_v3_0_11_viv__parameterized35 is either unconnected or has no load
INFO: [Synth 8-7129] Port SSET in module xbip_pipe_v3_0_11_viv__parameterized35 is either unconnected or has no load
INFO: [Synth 8-7129] Port SINIT in module xbip_pipe_v3_0_11_viv__parameterized35 is either unconnected or has no load
INFO: [Synth 8-7129] Port SCLR in module xbip_pipe_v3_0_11_viv__parameterized37 is either unconnected or has no load
INFO: [Synth 8-7129] Port SSET in module xbip_pipe_v3_0_11_viv__parameterized37 is either unconnected or has no load
INFO: [Synth 8-7129] Port SINIT in module xbip_pipe_v3_0_11_viv__parameterized37 is either unconnected or has no load
INFO: [Synth 8-7129] Port B[11] in module carry_chain__parameterized2 is either unconnected or has no load
INFO: [Synth 8-7129] Port CLK in module xbip_pipe_v3_0_11_viv__parameterized33 is either unconnected or has no load
INFO: [Synth 8-7129] Port CE in module xbip_pipe_v3_0_11_viv__parameterized33 is either unconnected or has no load
INFO: [Synth 8-7129] Port SCLR in module xbip_pipe_v3_0_11_viv__parameterized33 is either unconnected or has no load
INFO: [Synth 8-7129] Port SSET in module xbip_pipe_v3_0_11_viv__parameterized33 is either unconnected or has no load
INFO: [Synth 8-7129] Port SINIT in module xbip_pipe_v3_0_11_viv__parameterized33 is either unconnected or has no load
INFO: [Synth 8-7129] Port CLK in module xbip_pipe_v3_0_11_viv__parameterized25 is either unconnected or has no load
INFO: [Synth 8-7129] Port CE in module xbip_pipe_v3_0_11_viv__parameterized25 is either unconnected or has no load
INFO: [Synth 8-7129] Port SCLR in module xbip_pipe_v3_0_11_viv__parameterized25 is either unconnected or has no load
INFO: [Synth 8-7129] Port SSET in module xbip_pipe_v3_0_11_viv__parameterized25 is either unconnected or has no load
INFO: [Synth 8-7129] Port SINIT in module xbip_pipe_v3_0_11_viv__parameterized25 is either unconnected or has no load
INFO: [Synth 8-7129] Port CLK in module xbip_pipe_v3_0_11_viv__parameterized23 is either unconnected or has no load
INFO: [Synth 8-7129] Port CE in module xbip_pipe_v3_0_11_viv__parameterized23 is either unconnected or has no load
INFO: [Synth 8-7129] Port SCLR in module xbip_pipe_v3_0_11_viv__parameterized23 is either unconnected or has no load
INFO: [Synth 8-7129] Port SSET in module xbip_pipe_v3_0_11_viv__parameterized23 is either unconnected or has no load
INFO: [Synth 8-7129] Port SINIT in module xbip_pipe_v3_0_11_viv__parameterized23 is either unconnected or has no load
INFO: [Synth 8-7129] Port NORMALIZE[1] in module flt_round_bit is either unconnected or has no load
INFO: [Synth 8-7129] Port FIXED_POINT in module flt_round_bit is either unconnected or has no load
INFO: [Synth 8-7129] Port FIX_MANT_SIGN in module flt_round_bit is either unconnected or has no load
INFO: [Synth 8-7129] Port SIGN in module flt_round_bit is either unconnected or has no load
INFO: [Synth 8-7129] Port CLK in module xbip_pipe_v3_0_11_viv__parameterized31 is either unconnected or has no load
INFO: [Synth 8-7129] Port CE in module xbip_pipe_v3_0_11_viv__parameterized31 is either unconnected or has no load
INFO: [Synth 8-7129] Port SCLR in module xbip_pipe_v3_0_11_viv__parameterized31 is either unconnected or has no load
INFO: [Synth 8-7129] Port SSET in module xbip_pipe_v3_0_11_viv__parameterized31 is either unconnected or has no load
INFO: [Synth 8-7129] Port SINIT in module xbip_pipe_v3_0_11_viv__parameterized31 is either unconnected or has no load
INFO: [Synth 8-7129] Port CLK in module xbip_pipe_v3_0_11_viv__parameterized29 is either unconnected or has no load
INFO: [Synth 8-7129] Port CE in module xbip_pipe_v3_0_11_viv__parameterized29 is either unconnected or has no load
INFO: [Synth 8-7129] Port SCLR in module xbip_pipe_v3_0_11_viv__parameterized29 is either unconnected or has no load
INFO: [Synth 8-7129] Port SSET in module xbip_pipe_v3_0_11_viv__parameterized29 is either unconnected or has no load
INFO: [Synth 8-7129] Port SINIT in module xbip_pipe_v3_0_11_viv__parameterized29 is either unconnected or has no load
INFO: [Synth 8-7129] Port CLK in module xbip_pipe_v3_0_11_viv__parameterized21 is either unconnected or has no load
INFO: [Synth 8-7129] Port CE in module xbip_pipe_v3_0_11_viv__parameterized21 is either unconnected or has no load
INFO: [Synth 8-7129] Port SCLR in module xbip_pipe_v3_0_11_viv__parameterized21 is either unconnected or has no load
INFO: [Synth 8-7129] Port SSET in module xbip_pipe_v3_0_11_viv__parameterized21 is either unconnected or has no load
INFO: [Synth 8-7129] Port SINIT in module xbip_pipe_v3_0_11_viv__parameterized21 is either unconnected or has no load
INFO: [Synth 8-7129] Port CLK in module xbip_pipe_v3_0_11_viv__parameterized19 is either unconnected or has no load
INFO: [Synth 8-7129] Port CE in module xbip_pipe_v3_0_11_viv__parameterized19 is either unconnected or has no load
INFO: [Synth 8-7129] Port SCLR in module xbip_pipe_v3_0_11_viv__parameterized19 is either unconnected or has no load
INFO: [Common 17-14] Message 'Synth 8-7129' appears 100 times and further instances of the messages will be disabled. Use the Tcl command set_msg_config to change the current settings.
---------------------------------------------------------------------------------
Finished RTL Elaboration : Time (s): cpu = 00:00:05 ; elapsed = 00:00:05 . Memory (MB): peak = 2410.039 ; gain = 624.812 ; free physical = 2972 ; free virtual = 5811
---------------------------------------------------------------------------------
---------------------------------------------------------------------------------
Start Handling Custom Attributes
---------------------------------------------------------------------------------
---------------------------------------------------------------------------------
Finished Handling Custom Attributes : Time (s): cpu = 00:00:05 ; elapsed = 00:00:05 . Memory (MB): peak = 2421.914 ; gain = 636.688 ; free physical = 2962 ; free virtual = 5800
---------------------------------------------------------------------------------
---------------------------------------------------------------------------------
Finished RTL Optimization Phase 1 : Time (s): cpu = 00:00:05 ; elapsed = 00:00:05 . Memory (MB): peak = 2421.914 ; gain = 636.688 ; free physical = 2962 ; free virtual = 5800
---------------------------------------------------------------------------------
Netlist sorting complete. Time (s): cpu = 00:00:00.01 ; elapsed = 00:00:00.01 . Memory (MB): peak = 2427.852 ; gain = 0.000 ; free physical = 2993 ; free virtual = 5807
INFO: [Netlist 29-17] Analyzing 86 Unisim elements for replacement
INFO: [Netlist 29-28] Unisim Transformation completed in 0 CPU seconds
INFO: [Project 1-570] Preparing netlist for logic optimization

Processing XDC Constraints
Initializing timing engine
Parsing XDC File [/home/boysanic/commission_hw/commission_coproc/commission_coproc.gen/sources_1/ip/u32_to_f32/u32_to_f32_ooc.xdc] for cell 'U0'
Finished Parsing XDC File [/home/boysanic/commission_hw/commission_coproc/commission_coproc.gen/sources_1/ip/u32_to_f32/u32_to_f32_ooc.xdc] for cell 'U0'
Parsing XDC File [/home/boysanic/commission_hw/commission_coproc/commission_coproc.runs/u32_to_f32_synth_1/dont_touch.xdc]
Finished Parsing XDC File [/home/boysanic/commission_hw/commission_coproc/commission_coproc.runs/u32_to_f32_synth_1/dont_touch.xdc]
Completed Processing XDC Constraints

Netlist sorting complete. Time (s): cpu = 00:00:00 ; elapsed = 00:00:00 . Memory (MB): peak = 2520.625 ; gain = 0.000 ; free physical = 3016 ; free virtual = 5808
INFO: [Project 1-111] Unisim Transformation Summary:
  A total of 16 instances were transformed.
  FDE => FDRE: 16 instances

Constraint Validation Runtime : Time (s): cpu = 00:00:00.02 ; elapsed = 00:00:00.01 . Memory (MB): peak = 2520.660 ; gain = 0.000 ; free physical = 3012 ; free virtual = 5806
INFO: [Designutils 20-5008] Incremental synthesis strategy off
---------------------------------------------------------------------------------
Finished Constraint Validation : Time (s): cpu = 00:00:09 ; elapsed = 00:00:10 . Memory (MB): peak = 2520.660 ; gain = 735.434 ; free physical = 3148 ; free virtual = 5818
---------------------------------------------------------------------------------
---------------------------------------------------------------------------------
Start Loading Part and Timing Information
---------------------------------------------------------------------------------
Loading part: xc7k480tffg1156-2
---------------------------------------------------------------------------------
Finished Loading Part and Timing Information : Time (s): cpu = 00:00:09 ; elapsed = 00:00:10 . Memory (MB): peak = 2528.629 ; gain = 743.402 ; free physical = 3147 ; free virtual = 5817
---------------------------------------------------------------------------------
---------------------------------------------------------------------------------
Start Applying 'set_property' XDC Constraints
---------------------------------------------------------------------------------
---------------------------------------------------------------------------------
Finished applying 'set_property' XDC Constraints : Time (s): cpu = 00:00:09 ; elapsed = 00:00:10 . Memory (MB): peak = 2528.629 ; gain = 743.402 ; free physical = 3145 ; free virtual = 5817
---------------------------------------------------------------------------------
---------------------------------------------------------------------------------
Finished RTL Optimization Phase 2 : Time (s): cpu = 00:00:09 ; elapsed = 00:00:10 . Memory (MB): peak = 2528.629 ; gain = 743.402 ; free physical = 3157 ; free virtual = 5827
---------------------------------------------------------------------------------
INFO: [Synth 8-223] decloning instance 'U0/i_synth/FIX_TO_FLT_OP.SPD.OP/ROUND/EXTRA_LSB_BIT_DEL' (delay__parameterized8) to 'U0/i_synth/FIX_TO_FLT_OP.SPD.OP/ROUND/EXTRA_LSB_RND1_DEL'
INFO: [Synth 8-223] decloning instance 'U0/i_synth/FIX_TO_FLT_OP.SPD.OP/ROUND/EXP_INC_DELAY' (delay__parameterized8) to 'U0/i_synth/FIX_TO_FLT_OP.SPD.OP/ROUND/EXP_INC_RND1_DELAY'
INFO: [Synth 8-223] decloning instance 'U0/i_synth/DELAY_INVALID_OP' (delay__parameterized8) to 'U0/i_synth/DELAY_DIVIDE_BY_ZERO'
INFO: [Synth 8-223] decloning instance 'U0/i_synth/DELAY_INVALID_OP' (delay__parameterized8) to 'U0/i_synth/DELAY_OVERFLOW'
INFO: [Synth 8-223] decloning instance 'U0/i_synth/DELAY_INVALID_OP' (delay__parameterized8) to 'U0/i_synth/DELAY_UNDERFLOW'
INFO: [Synth 8-223] decloning instance 'U0/i_synth/DELAY_INVALID_OP' (delay__parameterized8) to 'U0/i_synth/DELAY_ACCUM_OVERFLOW'
INFO: [Synth 8-223] decloning instance 'U0/i_synth/DELAY_INVALID_OP' (delay__parameterized8) to 'U0/i_synth/DELAY_ACCUM_INPUT_OVERFLOW'
---------------------------------------------------------------------------------
Start RTL Component Statistics 
---------------------------------------------------------------------------------
---------------------------------------------------------------------------------
Finished RTL Component Statistics 
---------------------------------------------------------------------------------
---------------------------------------------------------------------------------
Start Part Resource Summary
---------------------------------------------------------------------------------
Part Resources:
DSPs: 1920 (col length:160)
BRAMs: 1910 (col length: RAMB18 160 RAMB36 80)
---------------------------------------------------------------------------------
Finished Part Resource Summary
---------------------------------------------------------------------------------
---------------------------------------------------------------------------------
Start Cross Boundary and Area Optimization
---------------------------------------------------------------------------------
---------------------------------------------------------------------------------
Finished Cross Boundary and Area Optimization : Time (s): cpu = 00:00:10 ; elapsed = 00:00:11 . Memory (MB): peak = 2528.629 ; gain = 743.402 ; free physical = 3163 ; free virtual = 5838
---------------------------------------------------------------------------------
---------------------------------------------------------------------------------
Start Applying XDC Timing Constraints
---------------------------------------------------------------------------------
---------------------------------------------------------------------------------
Finished Applying XDC Timing Constraints : Time (s): cpu = 00:00:13 ; elapsed = 00:00:14 . Memory (MB): peak = 2549.629 ; gain = 764.402 ; free physical = 3147 ; free virtual = 5792
---------------------------------------------------------------------------------
---------------------------------------------------------------------------------
Start Timing Optimization
---------------------------------------------------------------------------------
---------------------------------------------------------------------------------
Finished Timing Optimization : Time (s): cpu = 00:00:13 ; elapsed = 00:00:14 . Memory (MB): peak = 2569.660 ; gain = 784.434 ; free physical = 3103 ; free virtual = 5767
---------------------------------------------------------------------------------
---------------------------------------------------------------------------------
Start Technology Mapping
---------------------------------------------------------------------------------
---------------------------------------------------------------------------------
Finished Technology Mapping : Time (s): cpu = 00:00:13 ; elapsed = 00:00:14 . Memory (MB): peak = 2580.684 ; gain = 795.457 ; free physical = 3134 ; free virtual = 5759
---------------------------------------------------------------------------------
---------------------------------------------------------------------------------
Start IO Insertion
---------------------------------------------------------------------------------
---------------------------------------------------------------------------------
Start Flattening Before IO Insertion
---------------------------------------------------------------------------------
---------------------------------------------------------------------------------
Finished Flattening Before IO Insertion
---------------------------------------------------------------------------------
---------------------------------------------------------------------------------
Start Final Netlist Cleanup
---------------------------------------------------------------------------------
---------------------------------------------------------------------------------
Finished Final Netlist Cleanup
---------------------------------------------------------------------------------
---------------------------------------------------------------------------------
Finished IO Insertion : Time (s): cpu = 00:00:15 ; elapsed = 00:00:16 . Memory (MB): peak = 2747.496 ; gain = 962.270 ; free physical = 3088 ; free virtual = 5720
---------------------------------------------------------------------------------
---------------------------------------------------------------------------------
Start Renaming Generated Instances
---------------------------------------------------------------------------------
---------------------------------------------------------------------------------
Finished Renaming Generated Instances : Time (s): cpu = 00:00:15 ; elapsed = 00:00:16 . Memory (MB): peak = 2747.496 ; gain = 962.270 ; free physical = 3088 ; free virtual = 5720
---------------------------------------------------------------------------------
---------------------------------------------------------------------------------
Start Rebuilding User Hierarchy
---------------------------------------------------------------------------------
---------------------------------------------------------------------------------
Finished Rebuilding User Hierarchy : Time (s): cpu = 00:00:15 ; elapsed = 00:00:16 . Memory (MB): peak = 2747.496 ; gain = 962.270 ; free physical = 3088 ; free virtual = 5720
---------------------------------------------------------------------------------
---------------------------------------------------------------------------------
Start Renaming Generated Ports
---------------------------------------------------------------------------------
---------------------------------------------------------------------------------
Finished Renaming Generated Ports : Time (s): cpu = 00:00:15 ; elapsed = 00:00:16 . Memory (MB): peak = 2747.496 ; gain = 962.270 ; free physical = 3088 ; free virtual = 5720
---------------------------------------------------------------------------------
---------------------------------------------------------------------------------
Start Handling Custom Attributes
---------------------------------------------------------------------------------
---------------------------------------------------------------------------------
Finished Handling Custom Attributes : Time (s): cpu = 00:00:15 ; elapsed = 00:00:16 . Memory (MB): peak = 2747.496 ; gain = 962.270 ; free physical = 3088 ; free virtual = 5720
---------------------------------------------------------------------------------
---------------------------------------------------------------------------------
Start Renaming Generated Nets
---------------------------------------------------------------------------------
---------------------------------------------------------------------------------
Finished Renaming Generated Nets : Time (s): cpu = 00:00:15 ; elapsed = 00:00:16 . Memory (MB): peak = 2747.496 ; gain = 962.270 ; free physical = 3088 ; free virtual = 5720
---------------------------------------------------------------------------------
---------------------------------------------------------------------------------
Start Writing Synthesis Report
---------------------------------------------------------------------------------

Report BlackBoxes: 
+-+--------------+----------+
| |BlackBox name |Instances |
+-+--------------+----------+
+-+--------------+----------+

Report Cell Usage: 
+------+-------+------+
|      |Cell   |Count |
+------+-------+------+
|1     |LUT1   |     1|
|2     |LUT2   |    28|
|3     |LUT3   |    75|
|4     |LUT4   |    13|
|5     |LUT5   |    18|
|6     |LUT6   |    45|
|7     |MUXCY  |    46|
|8     |SRL16E |     2|
|9     |XORCY  |    24|
|10    |FDE    |    16|
|11    |FDRE   |   250|
+------+-------+------+
---------------------------------------------------------------------------------
Finished Writing Synthesis Report : Time (s): cpu = 00:00:15 ; elapsed = 00:00:16 . Memory (MB): peak = 2747.496 ; gain = 962.270 ; free physical = 3088 ; free virtual = 5720
---------------------------------------------------------------------------------
Synthesis finished with 0 errors, 0 critical warnings and 0 warnings.
Synthesis Optimization Runtime : Time (s): cpu = 00:00:14 ; elapsed = 00:00:14 . Memory (MB): peak = 2747.496 ; gain = 863.523 ; free physical = 3088 ; free virtual = 5721
Synthesis Optimization Complete : Time (s): cpu = 00:00:15 ; elapsed = 00:00:16 . Memory (MB): peak = 2747.504 ; gain = 962.270 ; free physical = 3087 ; free virtual = 5720
INFO: [Project 1-571] Translating synthesized netlist
Netlist sorting complete. Time (s): cpu = 00:00:00.01 ; elapsed = 00:00:00 . Memory (MB): peak = 2747.504 ; gain = 0.000 ; free physical = 3081 ; free virtual = 5727
INFO: [Netlist 29-17] Analyzing 86 Unisim elements for replacement
INFO: [Netlist 29-28] Unisim Transformation completed in 0 CPU seconds
INFO: [Project 1-570] Preparing netlist for logic optimization
INFO: [Opt 31-138] Pushed 0 inverter(s) to 0 load pin(s).
Netlist sorting complete. Time (s): cpu = 00:00:00 ; elapsed = 00:00:00 . Memory (MB): peak = 2803.523 ; gain = 0.000 ; free physical = 3149 ; free virtual = 5863
INFO: [Project 1-111] Unisim Transformation Summary:
  A total of 28 instances were transformed.
  (MUXCY,XORCY) => CARRY4: 12 instances
  FDE => FDRE: 16 instances

Synth Design complete | Checksum: e4a7f35c
INFO: [Common 17-83] Releasing license: Synthesis
128 Infos, 0 Warnings, 0 Critical Warnings and 0 Errors encountered.
synth_design completed successfully
synth_design: Time (s): cpu = 00:00:20 ; elapsed = 00:00:20 . Memory (MB): peak = 2803.559 ; gain = 1222.402 ; free physical = 3164 ; free virtual = 5885
INFO: [Common 17-2834] synth_design peak Physical Memory [PSS] (MB): overall = 1887.084; main = 1793.063; forked = 323.666
INFO: [Common 17-2834] synth_design peak Virtual Memory [VSS] (MB): overall = 3519.320; main = 2803.527; forked = 990.688
Write ShapeDB Complete: Time (s): cpu = 00:00:00 ; elapsed = 00:00:00.01 . Memory (MB): peak = 2827.535 ; gain = 0.000 ; free physical = 3168 ; free virtual = 5885
INFO: [Common 17-1381] The checkpoint '/home/boysanic/commission_hw/commission_coproc/commission_coproc.runs/u32_to_f32_synth_1/u32_to_f32.dcp' has been generated.
INFO: [Coretcl 2-1648] Added synthesis output to IP cache for IP u32_to_f32, cache-ID = d815b10964c9336c
INFO: [Coretcl 2-1174] Renamed 55 cell refs.
Write ShapeDB Complete: Time (s): cpu = 00:00:00 ; elapsed = 00:00:00.01 . Memory (MB): peak = 2827.535 ; gain = 0.000 ; free physical = 3165 ; free virtual = 5875
INFO: [Common 17-1381] The checkpoint '/home/boysanic/commission_hw/commission_coproc/commission_coproc.runs/u32_to_f32_synth_1/u32_to_f32.dcp' has been generated.
INFO: [Vivado 12-24828] Executing command : report_utilization -file u32_to_f32_utilization_synth.rpt -pb u32_to_f32_utilization_synth.pb
INFO: [Common 17-206] Exiting Vivado at Tue Jun 23 16:45:12 2026...
