
*** Running vivado
    with args -log add_u64.vds -m64 -product Vivado -mode batch -messageDb vivado.pb -notrace -source add_u64.tcl


****** Vivado v2025.2 (64-bit)
  **** SW Build 6299465 on Fri Nov 14 12:34:56 MST 2025
  **** IP Build 6300035 on Fri Nov 14 10:48:45 MST 2025
  **** SharedData Build 6298862 on Thu Nov 13 04:50:51 MST 2025
  **** Start of session at: Tue Jun 23 18:12:42 2026
    ** Copyright 1986-2022 Xilinx, Inc. All Rights Reserved.
    ** Copyright 2022-2025 Advanced Micro Devices, Inc. All Rights Reserved.

source add_u64.tcl -notrace
Command: synth_design -top add_u64 -part xc7k480tffg1156-2 -incremental_mode off -mode out_of_context
Starting synth_design
Attempting to get a license for feature 'Synthesis' and/or device 'xc7k480t'
INFO: [Common 17-349] Got license for feature 'Synthesis' and/or device 'xc7k480t'
INFO: [Device 21-403] Loading part xc7k480tffg1156-2
INFO: [Synth 8-7079] Multithreading enabled for synth_design using a maximum of 7 processes.
INFO: [Synth 8-7078] Launching helper process for spawning children vivado processes
INFO: [Synth 8-7075] Helper process launched with PID 3763522
---------------------------------------------------------------------------------
Starting RTL Elaboration : Time (s): cpu = 00:00:03 ; elapsed = 00:00:03 . Memory (MB): peak = 2290.766 ; gain = 490.875 ; free physical = 3357 ; free virtual = 5264
---------------------------------------------------------------------------------
INFO: [Synth 8-638] synthesizing module 'add_u64' [/home/boysanic/commission_hw/commission_coproc/commission_coproc.gen/sources_1/ip/add_u64/synth/add_u64.vhd:69]
	Parameter C_VERBOSITY bound to: 0 - type: integer 
	Parameter C_XDEVICEFAMILY bound to: kintex7 - type: string 
	Parameter C_IMPLEMENTATION bound to: 0 - type: integer 
	Parameter C_A_WIDTH bound to: 64 - type: integer 
	Parameter C_B_WIDTH bound to: 64 - type: integer 
	Parameter C_OUT_WIDTH bound to: 64 - type: integer 
	Parameter C_CE_OVERRIDES_SCLR bound to: 0 - type: integer 
	Parameter C_A_TYPE bound to: 1 - type: integer 
	Parameter C_B_TYPE bound to: 1 - type: integer 
	Parameter C_LATENCY bound to: 6 - type: integer 
	Parameter C_ADD_MODE bound to: 0 - type: integer 
	Parameter C_B_CONSTANT bound to: 0 - type: integer 
	Parameter C_B_VALUE bound to: 0000000000000000000000000000000000000000000000000000000000000000 - type: string 
	Parameter C_AINIT_VAL bound to: 0 - type: string 
	Parameter C_SINIT_VAL bound to: 0 - type: string 
	Parameter C_CE_OVERRIDES_BYPASS bound to: 1 - type: integer 
	Parameter C_BYPASS_LOW bound to: 0 - type: integer 
	Parameter C_SCLR_OVERRIDES_SSET bound to: 1 - type: integer 
	Parameter C_HAS_C_IN bound to: 0 - type: integer 
	Parameter C_HAS_C_OUT bound to: 0 - type: integer 
	Parameter C_BORROW_LOW bound to: 1 - type: integer 
	Parameter C_HAS_CE bound to: 1 - type: integer 
	Parameter C_HAS_BYPASS bound to: 0 - type: integer 
	Parameter C_HAS_SCLR bound to: 0 - type: integer 
	Parameter C_HAS_SSET bound to: 0 - type: integer 
	Parameter C_HAS_SINIT bound to: 0 - type: integer 
INFO: [Synth 8-3491] module 'c_addsub_v12_0_21' declared at '/home/boysanic/commission_hw/commission_coproc/commission_coproc.gen/sources_1/ip/add_u64/hdl/c_addsub_v12_0_vh_rfs.vhd:7261' bound to instance 'U0' of component 'c_addsub_v12_0_21' [/home/boysanic/commission_hw/commission_coproc/commission_coproc.gen/sources_1/ip/add_u64/synth/add_u64.vhd:142]
INFO: [Synth 8-256] done synthesizing module 'add_u64' (0#1) [/home/boysanic/commission_hw/commission_coproc/commission_coproc.gen/sources_1/ip/add_u64/synth/add_u64.vhd:69]
INFO: [Synth 8-7129] Port AINIT in module c_reg_fd_v12_0_11_viv is either unconnected or has no load
INFO: [Synth 8-7129] Port ACLR in module c_reg_fd_v12_0_11_viv is either unconnected or has no load
INFO: [Synth 8-7129] Port ASET in module c_reg_fd_v12_0_11_viv is either unconnected or has no load
INFO: [Synth 8-7129] Port SINIT in module c_reg_fd_v12_0_11_viv is either unconnected or has no load
INFO: [Synth 8-7129] Port SCLR in module c_reg_fd_v12_0_11_viv is either unconnected or has no load
INFO: [Synth 8-7129] Port SSET in module c_reg_fd_v12_0_11_viv is either unconnected or has no load
INFO: [Synth 8-7129] Port AINIT in module c_reg_fd_v12_0_11_viv__parameterized4 is either unconnected or has no load
INFO: [Synth 8-7129] Port ACLR in module c_reg_fd_v12_0_11_viv__parameterized4 is either unconnected or has no load
INFO: [Synth 8-7129] Port ASET in module c_reg_fd_v12_0_11_viv__parameterized4 is either unconnected or has no load
INFO: [Synth 8-7129] Port SINIT in module c_reg_fd_v12_0_11_viv__parameterized4 is either unconnected or has no load
INFO: [Synth 8-7129] Port SCLR in module c_reg_fd_v12_0_11_viv__parameterized4 is either unconnected or has no load
INFO: [Synth 8-7129] Port SSET in module c_reg_fd_v12_0_11_viv__parameterized4 is either unconnected or has no load
INFO: [Synth 8-7129] Port b[10] in module c_addsub_v12_0_21_lut6_legacy__parameterized11 is either unconnected or has no load
INFO: [Synth 8-7129] Port b[9] in module c_addsub_v12_0_21_lut6_legacy__parameterized11 is either unconnected or has no load
INFO: [Synth 8-7129] Port b[8] in module c_addsub_v12_0_21_lut6_legacy__parameterized11 is either unconnected or has no load
INFO: [Synth 8-7129] Port b[7] in module c_addsub_v12_0_21_lut6_legacy__parameterized11 is either unconnected or has no load
INFO: [Synth 8-7129] Port b[6] in module c_addsub_v12_0_21_lut6_legacy__parameterized11 is either unconnected or has no load
INFO: [Synth 8-7129] Port b[5] in module c_addsub_v12_0_21_lut6_legacy__parameterized11 is either unconnected or has no load
INFO: [Synth 8-7129] Port b[4] in module c_addsub_v12_0_21_lut6_legacy__parameterized11 is either unconnected or has no load
INFO: [Synth 8-7129] Port b[3] in module c_addsub_v12_0_21_lut6_legacy__parameterized11 is either unconnected or has no load
INFO: [Synth 8-7129] Port b[2] in module c_addsub_v12_0_21_lut6_legacy__parameterized11 is either unconnected or has no load
INFO: [Synth 8-7129] Port b[1] in module c_addsub_v12_0_21_lut6_legacy__parameterized11 is either unconnected or has no load
INFO: [Synth 8-7129] Port b[0] in module c_addsub_v12_0_21_lut6_legacy__parameterized11 is either unconnected or has no load
INFO: [Synth 8-7129] Port add in module c_addsub_v12_0_21_lut6_legacy__parameterized11 is either unconnected or has no load
INFO: [Synth 8-7129] Port bypass in module c_addsub_v12_0_21_lut6_legacy__parameterized11 is either unconnected or has no load
INFO: [Synth 8-7129] Port sclr in module c_addsub_v12_0_21_lut6_legacy__parameterized11 is either unconnected or has no load
INFO: [Synth 8-7129] Port sset in module c_addsub_v12_0_21_lut6_legacy__parameterized11 is either unconnected or has no load
INFO: [Synth 8-7129] Port sinit in module c_addsub_v12_0_21_lut6_legacy__parameterized11 is either unconnected or has no load
INFO: [Synth 8-7129] Port AINIT in module c_reg_fd_v12_0_11_viv__parameterized1 is either unconnected or has no load
INFO: [Synth 8-7129] Port ACLR in module c_reg_fd_v12_0_11_viv__parameterized1 is either unconnected or has no load
INFO: [Synth 8-7129] Port ASET in module c_reg_fd_v12_0_11_viv__parameterized1 is either unconnected or has no load
INFO: [Synth 8-7129] Port SINIT in module c_reg_fd_v12_0_11_viv__parameterized1 is either unconnected or has no load
INFO: [Synth 8-7129] Port SCLR in module c_reg_fd_v12_0_11_viv__parameterized1 is either unconnected or has no load
INFO: [Synth 8-7129] Port SSET in module c_reg_fd_v12_0_11_viv__parameterized1 is either unconnected or has no load
INFO: [Synth 8-7129] Port b[9] in module c_addsub_v12_0_21_lut6_legacy__parameterized13 is either unconnected or has no load
INFO: [Synth 8-7129] Port b[8] in module c_addsub_v12_0_21_lut6_legacy__parameterized13 is either unconnected or has no load
INFO: [Synth 8-7129] Port b[7] in module c_addsub_v12_0_21_lut6_legacy__parameterized13 is either unconnected or has no load
INFO: [Synth 8-7129] Port b[6] in module c_addsub_v12_0_21_lut6_legacy__parameterized13 is either unconnected or has no load
INFO: [Synth 8-7129] Port b[5] in module c_addsub_v12_0_21_lut6_legacy__parameterized13 is either unconnected or has no load
INFO: [Synth 8-7129] Port b[4] in module c_addsub_v12_0_21_lut6_legacy__parameterized13 is either unconnected or has no load
INFO: [Synth 8-7129] Port b[3] in module c_addsub_v12_0_21_lut6_legacy__parameterized13 is either unconnected or has no load
INFO: [Synth 8-7129] Port b[2] in module c_addsub_v12_0_21_lut6_legacy__parameterized13 is either unconnected or has no load
INFO: [Synth 8-7129] Port b[1] in module c_addsub_v12_0_21_lut6_legacy__parameterized13 is either unconnected or has no load
INFO: [Synth 8-7129] Port b[0] in module c_addsub_v12_0_21_lut6_legacy__parameterized13 is either unconnected or has no load
INFO: [Synth 8-7129] Port add in module c_addsub_v12_0_21_lut6_legacy__parameterized13 is either unconnected or has no load
INFO: [Synth 8-7129] Port bypass in module c_addsub_v12_0_21_lut6_legacy__parameterized13 is either unconnected or has no load
INFO: [Synth 8-7129] Port sclr in module c_addsub_v12_0_21_lut6_legacy__parameterized13 is either unconnected or has no load
INFO: [Synth 8-7129] Port sset in module c_addsub_v12_0_21_lut6_legacy__parameterized13 is either unconnected or has no load
INFO: [Synth 8-7129] Port sinit in module c_addsub_v12_0_21_lut6_legacy__parameterized13 is either unconnected or has no load
INFO: [Synth 8-7129] Port add in module c_addsub_v12_0_21_lut6_legacy__parameterized9 is either unconnected or has no load
INFO: [Synth 8-7129] Port c_in in module c_addsub_v12_0_21_lut6_legacy__parameterized9 is either unconnected or has no load
INFO: [Synth 8-7129] Port bypass in module c_addsub_v12_0_21_lut6_legacy__parameterized9 is either unconnected or has no load
INFO: [Synth 8-7129] Port sclr in module c_addsub_v12_0_21_lut6_legacy__parameterized9 is either unconnected or has no load
INFO: [Synth 8-7129] Port sset in module c_addsub_v12_0_21_lut6_legacy__parameterized9 is either unconnected or has no load
INFO: [Synth 8-7129] Port sinit in module c_addsub_v12_0_21_lut6_legacy__parameterized9 is either unconnected or has no load
INFO: [Synth 8-7129] Port add in module c_addsub_v12_0_21_lut6_legacy__parameterized7 is either unconnected or has no load
INFO: [Synth 8-7129] Port c_in in module c_addsub_v12_0_21_lut6_legacy__parameterized7 is either unconnected or has no load
INFO: [Synth 8-7129] Port bypass in module c_addsub_v12_0_21_lut6_legacy__parameterized7 is either unconnected or has no load
INFO: [Synth 8-7129] Port sclr in module c_addsub_v12_0_21_lut6_legacy__parameterized7 is either unconnected or has no load
INFO: [Synth 8-7129] Port sset in module c_addsub_v12_0_21_lut6_legacy__parameterized7 is either unconnected or has no load
INFO: [Synth 8-7129] Port sinit in module c_addsub_v12_0_21_lut6_legacy__parameterized7 is either unconnected or has no load
INFO: [Synth 8-7129] Port add in module c_addsub_v12_0_21_lut6_legacy__parameterized5 is either unconnected or has no load
INFO: [Synth 8-7129] Port c_in in module c_addsub_v12_0_21_lut6_legacy__parameterized5 is either unconnected or has no load
INFO: [Synth 8-7129] Port bypass in module c_addsub_v12_0_21_lut6_legacy__parameterized5 is either unconnected or has no load
INFO: [Synth 8-7129] Port sclr in module c_addsub_v12_0_21_lut6_legacy__parameterized5 is either unconnected or has no load
INFO: [Synth 8-7129] Port sset in module c_addsub_v12_0_21_lut6_legacy__parameterized5 is either unconnected or has no load
INFO: [Synth 8-7129] Port sinit in module c_addsub_v12_0_21_lut6_legacy__parameterized5 is either unconnected or has no load
INFO: [Synth 8-7129] Port add in module c_addsub_v12_0_21_lut6_legacy__parameterized3 is either unconnected or has no load
INFO: [Synth 8-7129] Port c_in in module c_addsub_v12_0_21_lut6_legacy__parameterized3 is either unconnected or has no load
INFO: [Synth 8-7129] Port bypass in module c_addsub_v12_0_21_lut6_legacy__parameterized3 is either unconnected or has no load
INFO: [Synth 8-7129] Port sclr in module c_addsub_v12_0_21_lut6_legacy__parameterized3 is either unconnected or has no load
INFO: [Synth 8-7129] Port sset in module c_addsub_v12_0_21_lut6_legacy__parameterized3 is either unconnected or has no load
INFO: [Synth 8-7129] Port sinit in module c_addsub_v12_0_21_lut6_legacy__parameterized3 is either unconnected or has no load
INFO: [Synth 8-7129] Port add in module c_addsub_v12_0_21_lut6_legacy__parameterized1 is either unconnected or has no load
INFO: [Synth 8-7129] Port c_in in module c_addsub_v12_0_21_lut6_legacy__parameterized1 is either unconnected or has no load
INFO: [Synth 8-7129] Port bypass in module c_addsub_v12_0_21_lut6_legacy__parameterized1 is either unconnected or has no load
INFO: [Synth 8-7129] Port sclr in module c_addsub_v12_0_21_lut6_legacy__parameterized1 is either unconnected or has no load
INFO: [Synth 8-7129] Port sset in module c_addsub_v12_0_21_lut6_legacy__parameterized1 is either unconnected or has no load
INFO: [Synth 8-7129] Port sinit in module c_addsub_v12_0_21_lut6_legacy__parameterized1 is either unconnected or has no load
INFO: [Synth 8-7129] Port add in module c_addsub_v12_0_21_lut6_legacy is either unconnected or has no load
INFO: [Synth 8-7129] Port c_in in module c_addsub_v12_0_21_lut6_legacy is either unconnected or has no load
INFO: [Synth 8-7129] Port bypass in module c_addsub_v12_0_21_lut6_legacy is either unconnected or has no load
INFO: [Synth 8-7129] Port sclr in module c_addsub_v12_0_21_lut6_legacy is either unconnected or has no load
INFO: [Synth 8-7129] Port sset in module c_addsub_v12_0_21_lut6_legacy is either unconnected or has no load
INFO: [Synth 8-7129] Port sinit in module c_addsub_v12_0_21_lut6_legacy is either unconnected or has no load
INFO: [Synth 8-7129] Port add in module c_addsub_v12_0_21_legacy is either unconnected or has no load
INFO: [Synth 8-7129] Port c_in in module c_addsub_v12_0_21_legacy is either unconnected or has no load
INFO: [Synth 8-7129] Port b_in in module c_addsub_v12_0_21_legacy is either unconnected or has no load
INFO: [Synth 8-7129] Port bypass in module c_addsub_v12_0_21_legacy is either unconnected or has no load
INFO: [Synth 8-7129] Port aclr in module c_addsub_v12_0_21_legacy is either unconnected or has no load
INFO: [Synth 8-7129] Port aset in module c_addsub_v12_0_21_legacy is either unconnected or has no load
INFO: [Synth 8-7129] Port ainit in module c_addsub_v12_0_21_legacy is either unconnected or has no load
INFO: [Synth 8-7129] Port sset in module c_addsub_v12_0_21_legacy is either unconnected or has no load
INFO: [Synth 8-7129] Port sinit in module c_addsub_v12_0_21_legacy is either unconnected or has no load
INFO: [Synth 8-7129] Port a_signed in module c_addsub_v12_0_21_legacy is either unconnected or has no load
INFO: [Synth 8-7129] Port b_signed in module c_addsub_v12_0_21_legacy is either unconnected or has no load
INFO: [Synth 8-7129] Port C_IN in module c_addsub_v12_0_21_viv is either unconnected or has no load
---------------------------------------------------------------------------------
Finished RTL Elaboration : Time (s): cpu = 00:00:04 ; elapsed = 00:00:04 . Memory (MB): peak = 2390.703 ; gain = 590.812 ; free physical = 3040 ; free virtual = 5139
---------------------------------------------------------------------------------
---------------------------------------------------------------------------------
Start Handling Custom Attributes
---------------------------------------------------------------------------------
---------------------------------------------------------------------------------
Finished Handling Custom Attributes : Time (s): cpu = 00:00:04 ; elapsed = 00:00:04 . Memory (MB): peak = 2405.547 ; gain = 605.656 ; free physical = 3026 ; free virtual = 5136
---------------------------------------------------------------------------------
---------------------------------------------------------------------------------
Finished RTL Optimization Phase 1 : Time (s): cpu = 00:00:04 ; elapsed = 00:00:04 . Memory (MB): peak = 2405.547 ; gain = 605.656 ; free physical = 3026 ; free virtual = 5136
---------------------------------------------------------------------------------
Netlist sorting complete. Time (s): cpu = 00:00:00 ; elapsed = 00:00:00.01 . Memory (MB): peak = 2411.484 ; gain = 0.000 ; free physical = 2994 ; free virtual = 5117
INFO: [Netlist 29-17] Analyzing 235 Unisim elements for replacement
INFO: [Netlist 29-28] Unisim Transformation completed in 0 CPU seconds
INFO: [Project 1-570] Preparing netlist for logic optimization

Processing XDC Constraints
Initializing timing engine
Parsing XDC File [/home/boysanic/commission_hw/commission_coproc/commission_coproc.gen/sources_1/ip/add_u64/add_u64_ooc.xdc] for cell 'U0'
Finished Parsing XDC File [/home/boysanic/commission_hw/commission_coproc/commission_coproc.gen/sources_1/ip/add_u64/add_u64_ooc.xdc] for cell 'U0'
Parsing XDC File [/home/boysanic/commission_hw/commission_coproc/commission_coproc.runs/add_u64_synth_1/dont_touch.xdc]
Finished Parsing XDC File [/home/boysanic/commission_hw/commission_coproc/commission_coproc.runs/add_u64_synth_1/dont_touch.xdc]
Completed Processing XDC Constraints

Netlist sorting complete. Time (s): cpu = 00:00:00 ; elapsed = 00:00:00 . Memory (MB): peak = 2523.258 ; gain = 0.000 ; free physical = 2963 ; free virtual = 5111
INFO: [Project 1-111] Unisim Transformation Summary:
No Unisim elements were transformed.

Constraint Validation Runtime : Time (s): cpu = 00:00:00.01 ; elapsed = 00:00:00.03 . Memory (MB): peak = 2523.293 ; gain = 0.000 ; free physical = 2931 ; free virtual = 5104
INFO: [Designutils 20-5008] Incremental synthesis strategy off
---------------------------------------------------------------------------------
Finished Constraint Validation : Time (s): cpu = 00:00:08 ; elapsed = 00:00:09 . Memory (MB): peak = 2523.293 ; gain = 723.402 ; free physical = 3107 ; free virtual = 5093
---------------------------------------------------------------------------------
---------------------------------------------------------------------------------
Start Loading Part and Timing Information
---------------------------------------------------------------------------------
Loading part: xc7k480tffg1156-2
---------------------------------------------------------------------------------
Finished Loading Part and Timing Information : Time (s): cpu = 00:00:08 ; elapsed = 00:00:09 . Memory (MB): peak = 2531.262 ; gain = 731.371 ; free physical = 3105 ; free virtual = 5094
---------------------------------------------------------------------------------
---------------------------------------------------------------------------------
Start Applying 'set_property' XDC Constraints
---------------------------------------------------------------------------------
---------------------------------------------------------------------------------
Finished applying 'set_property' XDC Constraints : Time (s): cpu = 00:00:08 ; elapsed = 00:00:09 . Memory (MB): peak = 2531.262 ; gain = 731.371 ; free physical = 3087 ; free virtual = 5093
---------------------------------------------------------------------------------
---------------------------------------------------------------------------------
Finished RTL Optimization Phase 2 : Time (s): cpu = 00:00:08 ; elapsed = 00:00:09 . Memory (MB): peak = 2531.262 ; gain = 731.371 ; free physical = 3056 ; free virtual = 5082
---------------------------------------------------------------------------------
---------------------------------------------------------------------------------
Start RTL Component Statistics 
---------------------------------------------------------------------------------
---------------------------------------------------------------------------------
Finished RTL Component Statistics 
---------------------------------------------------------------------------------
---------------------------------------------------------------------------------
Start Part Resource Summary
---------------------------------------------------------------------------------
Part Resources:
DSPs: 1920 (col length:160)
BRAMs: 1910 (col length: RAMB18 160 RAMB36 80)
---------------------------------------------------------------------------------
Finished Part Resource Summary
---------------------------------------------------------------------------------
---------------------------------------------------------------------------------
Start Cross Boundary and Area Optimization
---------------------------------------------------------------------------------
INFO: [Synth 8-7129] Port ADD in module c_addsub_v12_0_21_viv is either unconnected or has no load
INFO: [Synth 8-7129] Port C_IN in module c_addsub_v12_0_21_viv is either unconnected or has no load
INFO: [Synth 8-7129] Port BYPASS in module c_addsub_v12_0_21_viv is either unconnected or has no load
INFO: [Common 17-14] Message 'Synth 8-7129' appears 100 times and further instances of the messages will be disabled. Use the Tcl command set_msg_config to change the current settings.
---------------------------------------------------------------------------------
Finished Cross Boundary and Area Optimization : Time (s): cpu = 00:00:09 ; elapsed = 00:00:10 . Memory (MB): peak = 2531.262 ; gain = 731.371 ; free physical = 3036 ; free virtual = 5099
---------------------------------------------------------------------------------
---------------------------------------------------------------------------------
Start Applying XDC Timing Constraints
---------------------------------------------------------------------------------
---------------------------------------------------------------------------------
Finished Applying XDC Timing Constraints : Time (s): cpu = 00:00:12 ; elapsed = 00:00:13 . Memory (MB): peak = 2553.262 ; gain = 753.371 ; free physical = 2911 ; free virtual = 5019
---------------------------------------------------------------------------------
---------------------------------------------------------------------------------
Start Timing Optimization
---------------------------------------------------------------------------------
---------------------------------------------------------------------------------
Finished Timing Optimization : Time (s): cpu = 00:00:12 ; elapsed = 00:00:14 . Memory (MB): peak = 2554.262 ; gain = 754.371 ; free physical = 2901 ; free virtual = 5017
---------------------------------------------------------------------------------
---------------------------------------------------------------------------------
Start Technology Mapping
---------------------------------------------------------------------------------
---------------------------------------------------------------------------------
Finished Technology Mapping : Time (s): cpu = 00:00:12 ; elapsed = 00:00:14 . Memory (MB): peak = 2564.285 ; gain = 764.395 ; free physical = 2863 ; free virtual = 4987
---------------------------------------------------------------------------------
---------------------------------------------------------------------------------
Start IO Insertion
---------------------------------------------------------------------------------
---------------------------------------------------------------------------------
Start Flattening Before IO Insertion
---------------------------------------------------------------------------------
---------------------------------------------------------------------------------
Finished Flattening Before IO Insertion
---------------------------------------------------------------------------------
---------------------------------------------------------------------------------
Start Final Netlist Cleanup
---------------------------------------------------------------------------------
---------------------------------------------------------------------------------
Finished Final Netlist Cleanup
---------------------------------------------------------------------------------
---------------------------------------------------------------------------------
Finished IO Insertion : Time (s): cpu = 00:00:14 ; elapsed = 00:00:15 . Memory (MB): peak = 2748.098 ; gain = 948.207 ; free physical = 2606 ; free virtual = 4793
---------------------------------------------------------------------------------
---------------------------------------------------------------------------------
Start Renaming Generated Instances
---------------------------------------------------------------------------------
---------------------------------------------------------------------------------
Finished Renaming Generated Instances : Time (s): cpu = 00:00:14 ; elapsed = 00:00:15 . Memory (MB): peak = 2748.098 ; gain = 948.207 ; free physical = 2606 ; free virtual = 4793
---------------------------------------------------------------------------------
---------------------------------------------------------------------------------
Start Rebuilding User Hierarchy
---------------------------------------------------------------------------------
---------------------------------------------------------------------------------
Finished Rebuilding User Hierarchy : Time (s): cpu = 00:00:14 ; elapsed = 00:00:15 . Memory (MB): peak = 2748.098 ; gain = 948.207 ; free physical = 2597 ; free virtual = 4797
---------------------------------------------------------------------------------
---------------------------------------------------------------------------------
Start Renaming Generated Ports
---------------------------------------------------------------------------------
---------------------------------------------------------------------------------
Finished Renaming Generated Ports : Time (s): cpu = 00:00:14 ; elapsed = 00:00:15 . Memory (MB): peak = 2748.098 ; gain = 948.207 ; free physical = 2594 ; free virtual = 4797
---------------------------------------------------------------------------------
---------------------------------------------------------------------------------
Start Handling Custom Attributes
---------------------------------------------------------------------------------
---------------------------------------------------------------------------------
Finished Handling Custom Attributes : Time (s): cpu = 00:00:14 ; elapsed = 00:00:15 . Memory (MB): peak = 2748.098 ; gain = 948.207 ; free physical = 2619 ; free virtual = 4792
---------------------------------------------------------------------------------
---------------------------------------------------------------------------------
Start Renaming Generated Nets
---------------------------------------------------------------------------------
---------------------------------------------------------------------------------
Finished Renaming Generated Nets : Time (s): cpu = 00:00:14 ; elapsed = 00:00:15 . Memory (MB): peak = 2748.098 ; gain = 948.207 ; free physical = 2619 ; free virtual = 4792
---------------------------------------------------------------------------------
---------------------------------------------------------------------------------
Start Writing Synthesis Report
---------------------------------------------------------------------------------

Report BlackBoxes: 
+-+--------------+----------+
| |BlackBox name |Instances |
+-+--------------+----------+
+-+--------------+----------+

Report Cell Usage: 
+------+-------+------+
|      |Cell   |Count |
+------+-------+------+
|1     |LUT2   |    68|
|2     |MUXCY  |   116|
|3     |SRL16E |    55|
|4     |XORCY  |   118|
|5     |FDRE   |   247|
+------+-------+------+
---------------------------------------------------------------------------------
Finished Writing Synthesis Report : Time (s): cpu = 00:00:14 ; elapsed = 00:00:15 . Memory (MB): peak = 2748.098 ; gain = 948.207 ; free physical = 2619 ; free virtual = 4793
---------------------------------------------------------------------------------
Synthesis finished with 0 errors, 0 critical warnings and 0 warnings.
Synthesis Optimization Runtime : Time (s): cpu = 00:00:12 ; elapsed = 00:00:13 . Memory (MB): peak = 2748.098 ; gain = 830.461 ; free physical = 2616 ; free virtual = 4792
Synthesis Optimization Complete : Time (s): cpu = 00:00:14 ; elapsed = 00:00:16 . Memory (MB): peak = 2748.105 ; gain = 948.207 ; free physical = 2611 ; free virtual = 4791
INFO: [Project 1-571] Translating synthesized netlist
Netlist sorting complete. Time (s): cpu = 00:00:00.01 ; elapsed = 00:00:00 . Memory (MB): peak = 2748.105 ; gain = 0.000 ; free physical = 2548 ; free virtual = 4796
INFO: [Netlist 29-17] Analyzing 234 Unisim elements for replacement
INFO: [Netlist 29-28] Unisim Transformation completed in 0 CPU seconds
INFO: [Project 1-570] Preparing netlist for logic optimization
INFO: [Opt 31-138] Pushed 0 inverter(s) to 0 load pin(s).
Netlist sorting complete. Time (s): cpu = 00:00:00 ; elapsed = 00:00:00 . Memory (MB): peak = 2748.105 ; gain = 0.000 ; free physical = 2526 ; free virtual = 4935
INFO: [Project 1-111] Unisim Transformation Summary:
  A total of 33 instances were transformed.
  (MUXCY,XORCY) => CARRY4: 33 instances

Synth Design complete | Checksum: 88fbbe24
INFO: [Common 17-83] Releasing license: Synthesis
121 Infos, 0 Warnings, 0 Critical Warnings and 0 Errors encountered.
synth_design completed successfully
synth_design: Time (s): cpu = 00:00:19 ; elapsed = 00:00:20 . Memory (MB): peak = 2748.133 ; gain = 1160.891 ; free physical = 2536 ; free virtual = 4928
INFO: [Common 17-2834] synth_design peak Physical Memory [PSS] (MB): overall = 1659.155; main = 1659.155; forked = 172.529
INFO: [Common 17-2834] synth_design peak Virtual Memory [VSS] (MB): overall = 3521.949; main = 2748.102; forked = 990.684
Write ShapeDB Complete: Time (s): cpu = 00:00:00 ; elapsed = 00:00:00 . Memory (MB): peak = 2772.109 ; gain = 0.000 ; free physical = 2505 ; free virtual = 4933
INFO: [Common 17-1381] The checkpoint '/home/boysanic/commission_hw/commission_coproc/commission_coproc.runs/add_u64_synth_1/add_u64.dcp' has been generated.
INFO: [Coretcl 2-1648] Added synthesis output to IP cache for IP add_u64, cache-ID = 67d0dda353c140d4
INFO: [Coretcl 2-1174] Renamed 66 cell refs.
Write ShapeDB Complete: Time (s): cpu = 00:00:00 ; elapsed = 00:00:00 . Memory (MB): peak = 2772.109 ; gain = 0.000 ; free physical = 2535 ; free virtual = 4933
INFO: [Common 17-1381] The checkpoint '/home/boysanic/commission_hw/commission_coproc/commission_coproc.runs/add_u64_synth_1/add_u64.dcp' has been generated.
INFO: [Vivado 12-24828] Executing command : report_utilization -file add_u64_utilization_synth.rpt -pb add_u64_utilization_synth.pb
INFO: [Common 17-206] Exiting Vivado at Tue Jun 23 18:13:07 2026...
